The target system is: Generic -  - 
The host system is: Linux - 5.15.0-113-generic - x86_64
Compiling the C compiler identification source file "CMakeCCompilerId.c" succeeded.
Compiler: /home/naltamura/.espressif/tools/riscv32-esp-elf/esp-13.2.0_20230928/riscv32-esp-elf/bin/riscv32-esp-elf-gcc 
Build flags: -march=rv32imc_zicsr_zifencei;
Id flags:  

The output was:
0
/home/naltamura/.espressif/tools/riscv32-esp-elf/esp-13.2.0_20230928/riscv32-esp-elf/bin/../lib/gcc/riscv32-esp-elf/13.2.0/../../../../riscv32-esp-elf/bin/ld: /home/naltamura/.espressif/tools/riscv32-esp-elf/esp-13.2.0_20230928/riscv32-esp-elf/bin/../lib/gcc/riscv32-esp-elf/13.2.0/../../../../riscv32-esp-elf/lib/rv32imc_zicsr_zifencei/ilp32/libc.a(libc_a-closer.o): in function `_close_r':
/builds/idf/crosstool-NG/.build/riscv32-esp-elf/src/newlib/newlib/libc/reent/closer.c:47:(.text+0x14): warning: _close is not implemented and will always fail
/home/naltamura/.espressif/tools/riscv32-esp-elf/esp-13.2.0_20230928/riscv32-esp-elf/bin/../lib/gcc/riscv32-esp-elf/13.2.0/../../../../riscv32-esp-elf/bin/ld: /home/naltamura/.espressif/tools/riscv32-esp-elf/esp-13.2.0_20230928/riscv32-esp-elf/bin/../lib/gcc/riscv32-esp-elf/13.2.0/../../../../riscv32-esp-elf/lib/rv32imc_zicsr_zifencei/ilp32/libc.a(libc_a-lseekr.o): in function `_lseek_r':
/builds/idf/crosstool-NG/.build/riscv32-esp-elf/src/newlib/newlib/libc/reent/lseekr.c:49:(.text+0x18): warning: _lseek is not implemented and will always fail
/home/naltamura/.espressif/tools/riscv32-esp-elf/esp-13.2.0_20230928/riscv32-esp-elf/bin/../lib/gcc/riscv32-esp-elf/13.2.0/../../../../riscv32-esp-elf/bin/ld: /home/naltamura/.espressif/tools/riscv32-esp-elf/esp-13.2.0_20230928/riscv32-esp-elf/bin/../lib/gcc/riscv32-esp-elf/13.2.0/../../../../riscv32-esp-elf/lib/rv32imc_zicsr_zifencei/ilp32/libc.a(libc_a-readr.o): in function `_read_r':
/builds/idf/crosstool-NG/.build/riscv32-esp-elf/src/newlib/newlib/libc/reent/readr.c:49:(.text+0x18): warning: _read is not implemented and will always fail
/home/naltamura/.espressif/tools/riscv32-esp-elf/esp-13.2.0_20230928/riscv32-esp-elf/bin/../lib/gcc/riscv32-esp-elf/13.2.0/../../../../riscv32-esp-elf/bin/ld: /home/naltamura/.espressif/tools/riscv32-esp-elf/esp-13.2.0_20230928/riscv32-esp-elf/bin/../lib/gcc/riscv32-esp-elf/13.2.0/../../../../riscv32-esp-elf/lib/rv32imc_zicsr_zifencei/ilp32/libc.a(libc_a-writer.o): in function `_write_r':
/builds/idf/crosstool-NG/.build/riscv32-esp-elf/src/newlib/newlib/libc/reent/writer.c:49:(.text+0x18): warning: _write is not implemented and will always fail
/home/naltamura/.espressif/tools/riscv32-esp-elf/esp-13.2.0_20230928/riscv32-esp-elf/bin/../lib/gcc/riscv32-esp-elf/13.2.0/../../../../riscv32-esp-elf/bin/ld: /home/naltamura/.espressif/tools/riscv32-esp-elf/esp-13.2.0_20230928/riscv32-esp-elf/bin/../lib/gcc/riscv32-esp-elf/13.2.0/../../../../riscv32-esp-elf/lib/rv32imc_zicsr_zifencei/ilp32/libc.a(libc_a-fclose.o): in function `fclose':
/builds/idf/crosstool-NG/.build/riscv32-esp-elf/src/newlib/newlib/libc/stdio/fclose.c:125:(.text+0x118): warning: __getreent is not implemented and will always fail
/home/naltamura/.espressif/tools/riscv32-esp-elf/esp-13.2.0_20230928/riscv32-esp-elf/bin/../lib/gcc/riscv32-esp-elf/13.2.0/../../../../riscv32-esp-elf/bin/ld: /home/naltamura/.espressif/tools/riscv32-esp-elf/esp-13.2.0_20230928/riscv32-esp-elf/bin/../lib/gcc/riscv32-esp-elf/13.2.0/../../../../riscv32-esp-elf/lib/rv32imc_zicsr_zifencei/ilp32/libc.a(libc_a-findfp.o): in function `__sfp':
/builds/idf/crosstool-NG/.build/riscv32-esp-elf/src/newlib/newlib/libc/stdio/findfp.c:180:(.text+0x1ee): warning: pthread_setcancelstate is not implemented and will always fail


Compilation of the C compiler identification source "CMakeCCompilerId.c" produced "a.out"

The C compiler identification is GNU, found in "/home/naltamura/Documents/PHD3Y/ZKP_Xlock/Xlock_2v/build/bootloader/CMakeFiles/3.24.0/CompilerIdC/a.out"

Compiling the CXX compiler identification source file "CMakeCXXCompilerId.cpp" succeeded.
Compiler: /home/naltamura/.espressif/tools/riscv32-esp-elf/esp-13.2.0_20230928/riscv32-esp-elf/bin/riscv32-esp-elf-g++ 
Build flags: -march=rv32imc_zicsr_zifencei;
Id flags:  

The output was:
0
/home/naltamura/.espressif/tools/riscv32-esp-elf/esp-13.2.0_20230928/riscv32-esp-elf/bin/../lib/gcc/riscv32-esp-elf/13.2.0/../../../../riscv32-esp-elf/bin/ld: /home/naltamura/.espressif/tools/riscv32-esp-elf/esp-13.2.0_20230928/riscv32-esp-elf/bin/../lib/gcc/riscv32-esp-elf/13.2.0/../../../../riscv32-esp-elf/lib/rv32imc_zicsr_zifencei/ilp32/libc.a(libc_a-closer.o): in function `_close_r':
/builds/idf/crosstool-NG/.build/riscv32-esp-elf/src/newlib/newlib/libc/reent/closer.c:47:(.text+0x14): warning: _close is not implemented and will always fail
/home/naltamura/.espressif/tools/riscv32-esp-elf/esp-13.2.0_20230928/riscv32-esp-elf/bin/../lib/gcc/riscv32-esp-elf/13.2.0/../../../../riscv32-esp-elf/bin/ld: /home/naltamura/.espressif/tools/riscv32-esp-elf/esp-13.2.0_20230928/riscv32-esp-elf/bin/../lib/gcc/riscv32-esp-elf/13.2.0/../../../../riscv32-esp-elf/lib/rv32imc_zicsr_zifencei/ilp32/libc.a(libc_a-lseekr.o): in function `_lseek_r':
/builds/idf/crosstool-NG/.build/riscv32-esp-elf/src/newlib/newlib/libc/reent/lseekr.c:49:(.text+0x18): warning: _lseek is not implemented and will always fail
/home/naltamura/.espressif/tools/riscv32-esp-elf/esp-13.2.0_20230928/riscv32-esp-elf/bin/../lib/gcc/riscv32-esp-elf/13.2.0/../../../../riscv32-esp-elf/bin/ld: /home/naltamura/.espressif/tools/riscv32-esp-elf/esp-13.2.0_20230928/riscv32-esp-elf/bin/../lib/gcc/riscv32-esp-elf/13.2.0/../../../../riscv32-esp-elf/lib/rv32imc_zicsr_zifencei/ilp32/libc.a(libc_a-readr.o): in function `_read_r':
/builds/idf/crosstool-NG/.build/riscv32-esp-elf/src/newlib/newlib/libc/reent/readr.c:49:(.text+0x18): warning: _read is not implemented and will always fail
/home/naltamura/.espressif/tools/riscv32-esp-elf/esp-13.2.0_20230928/riscv32-esp-elf/bin/../lib/gcc/riscv32-esp-elf/13.2.0/../../../../riscv32-esp-elf/bin/ld: /home/naltamura/.espressif/tools/riscv32-esp-elf/esp-13.2.0_20230928/riscv32-esp-elf/bin/../lib/gcc/riscv32-esp-elf/13.2.0/../../../../riscv32-esp-elf/lib/rv32imc_zicsr_zifencei/ilp32/libc.a(libc_a-writer.o): in function `_write_r':
/builds/idf/crosstool-NG/.build/riscv32-esp-elf/src/newlib/newlib/libc/reent/writer.c:49:(.text+0x18): warning: _write is not implemented and will always fail
/home/naltamura/.espressif/tools/riscv32-esp-elf/esp-13.2.0_20230928/riscv32-esp-elf/bin/../lib/gcc/riscv32-esp-elf/13.2.0/../../../../riscv32-esp-elf/bin/ld: /home/naltamura/.espressif/tools/riscv32-esp-elf/esp-13.2.0_20230928/riscv32-esp-elf/bin/../lib/gcc/riscv32-esp-elf/13.2.0/../../../../riscv32-esp-elf/lib/rv32imc_zicsr_zifencei/ilp32/libc.a(libc_a-fclose.o): in function `fclose':
/builds/idf/crosstool-NG/.build/riscv32-esp-elf/src/newlib/newlib/libc/stdio/fclose.c:125:(.text+0x118): warning: __getreent is not implemented and will always fail
/home/naltamura/.espressif/tools/riscv32-esp-elf/esp-13.2.0_20230928/riscv32-esp-elf/bin/../lib/gcc/riscv32-esp-elf/13.2.0/../../../../riscv32-esp-elf/bin/ld: /home/naltamura/.espressif/tools/riscv32-esp-elf/esp-13.2.0_20230928/riscv32-esp-elf/bin/../lib/gcc/riscv32-esp-elf/13.2.0/../../../../riscv32-esp-elf/lib/rv32imc_zicsr_zifencei/ilp32/libc.a(libc_a-findfp.o): in function `__sfp':
/builds/idf/crosstool-NG/.build/riscv32-esp-elf/src/newlib/newlib/libc/stdio/findfp.c:180:(.text+0x1ee): warning: pthread_setcancelstate is not implemented and will always fail


Compilation of the CXX compiler identification source "CMakeCXXCompilerId.cpp" produced "a.out"

The CXX compiler identification is GNU, found in "/home/naltamura/Documents/PHD3Y/ZKP_Xlock/Xlock_2v/build/bootloader/CMakeFiles/3.24.0/CompilerIdCXX/a.out"

Checking whether the ASM compiler is GNU using "--version" matched "(GNU assembler)|(GCC)|(Free Software Foundation)":
riscv32-esp-elf-gcc (crosstool-NG esp-13.2.0_20230928) 13.2.0
Copyright (C) 2023 Free Software Foundation, Inc.
This is free software; see the source for copying conditions.  There is NO
warranty; not even for MERCHANTABILITY or FITNESS FOR A PARTICULAR PURPOSE.

Detecting C compiler ABI info compiled with the following output:
Change Dir: /home/naltamura/Documents/PHD3Y/ZKP_Xlock/Xlock_2v/build/bootloader/CMakeFiles/CMakeTmp

Run Build Command(s):/usr/bin/ninja cmTC_b1cf4 && [1/2] Building C object CMakeFiles/cmTC_b1cf4.dir/CMakeCCompilerABI.c.obj
Using built-in specs.
COLLECT_GCC=/home/naltamura/.espressif/tools/riscv32-esp-elf/esp-13.2.0_20230928/riscv32-esp-elf/bin/riscv32-esp-elf-gcc
Target: riscv32-esp-elf
Configured with: /builds/idf/crosstool-NG/.build/riscv32-esp-elf/src/gcc/configure --build=x86_64-build_pc-linux-gnu --host=x86_64-build_pc-linux-gnu --target=riscv32-esp-elf --prefix=/builds/idf/crosstool-NG/builds/riscv32-esp-elf --exec_prefix=/builds/idf/crosstool-NG/builds/riscv32-esp-elf --with-local-prefix=/builds/idf/crosstool-NG/builds/riscv32-esp-elf/riscv32-esp-elf --with-headers=/builds/idf/crosstool-NG/builds/riscv32-esp-elf/riscv32-esp-elf/include --with-newlib --enable-threads=no --disable-shared --with-arch=rv32gc --with-abi=ilp32 --with-pkgversion='crosstool-NG esp-13.2.0_20230928' --disable-__cxa_atexit --enable-cxx-flags=-ffunction-sections --disable-libgomp --disable-libmudflap --disable-libmpx --disable-libssp --disable-libquadmath --disable-libquadmath-support --disable-libstdcxx-verbose --with-gmp=/builds/idf/crosstool-NG/.build/riscv32-esp-elf/buildtools --with-mpfr=/builds/idf/crosstool-NG/.build/riscv32-esp-elf/buildtools --with-mpc=/builds/idf/crosstool-NG/.build/riscv32-esp-elf/buildtools --with-isl=/builds/idf/crosstool-NG/.build/riscv32-esp-elf/buildtools --enable-lto --enable-target-optspace --without-long-double-128 --disable-nls --enable-multiarch --enable-languages=c,c++ --disable-libstdcxx-verbose --enable-threads=posix --enable-gcov-custom-rtio --enable-libstdcxx-time=yes
Thread model: posix
Supported LTO compression algorithms: zlib
gcc version 13.2.0 (crosstool-NG esp-13.2.0_20230928) 
COLLECT_GCC_OPTIONS='-march=rv32imc_zicsr_zifencei' '-v' '-o' 'CMakeFiles/cmTC_b1cf4.dir/CMakeCCompilerABI.c.obj' '-c' '-mabi=ilp32' '-misa-spec=20191213' '-march=rv32imc_zicsr_zifencei' '-dumpdir' 'CMakeFiles/cmTC_b1cf4.dir/'
 /home/naltamura/.espressif/tools/riscv32-esp-elf/esp-13.2.0_20230928/riscv32-esp-elf/bin/../libexec/gcc/riscv32-esp-elf/13.2.0/cc1 -quiet -v -imultilib rv32imc_zicsr_zifencei/ilp32 -iprefix /home/naltamura/.espressif/tools/riscv32-esp-elf/esp-13.2.0_20230928/riscv32-esp-elf/bin/../lib/gcc/riscv32-esp-elf/13.2.0/ /home/naltamura/.espressif/tools/cmake/3.24.0/share/cmake-3.24/Modules/CMakeCCompilerABI.c -quiet -dumpdir CMakeFiles/cmTC_b1cf4.dir/ -dumpbase CMakeCCompilerABI.c.c -dumpbase-ext .c -march=rv32imc_zicsr_zifencei -mabi=ilp32 -misa-spec=20191213 -march=rv32imc_zicsr_zifencei -version -o /tmp/cccTzbhw.s
GNU C17 (crosstool-NG esp-13.2.0_20230928) version 13.2.0 (riscv32-esp-elf)
	compiled by GNU C version 4.9.2, GMP version 6.2.1, MPFR version 4.1.0, MPC version 1.2.1, isl version isl-0.24-GMP

GGC heuristics: --param ggc-min-expand=100 --param ggc-min-heapsize=131072
ignoring duplicate directory "/home/naltamura/.espressif/tools/riscv32-esp-elf/esp-13.2.0_20230928/riscv32-esp-elf/bin/../lib/gcc/../../lib/gcc/riscv32-esp-elf/13.2.0/include"
ignoring duplicate directory "/home/naltamura/.espressif/tools/riscv32-esp-elf/esp-13.2.0_20230928/riscv32-esp-elf/bin/../lib/gcc/../../lib/gcc/riscv32-esp-elf/13.2.0/include-fixed"
ignoring duplicate directory "/home/naltamura/.espressif/tools/riscv32-esp-elf/esp-13.2.0_20230928/riscv32-esp-elf/bin/../lib/gcc/../../lib/gcc/riscv32-esp-elf/13.2.0/../../../../riscv32-esp-elf/sys-include"
ignoring duplicate directory "/home/naltamura/.espressif/tools/riscv32-esp-elf/esp-13.2.0_20230928/riscv32-esp-elf/bin/../lib/gcc/../../lib/gcc/riscv32-esp-elf/13.2.0/../../../../riscv32-esp-elf/include"
#include "..." search starts here:
#include <...> search starts here:
 /home/naltamura/.espressif/tools/riscv32-esp-elf/esp-13.2.0_20230928/riscv32-esp-elf/bin/../lib/gcc/riscv32-esp-elf/13.2.0/include
 /home/naltamura/.espressif/tools/riscv32-esp-elf/esp-13.2.0_20230928/riscv32-esp-elf/bin/../lib/gcc/riscv32-esp-elf/13.2.0/include-fixed
 /home/naltamura/.espressif/tools/riscv32-esp-elf/esp-13.2.0_20230928/riscv32-esp-elf/bin/../lib/gcc/riscv32-esp-elf/13.2.0/../../../../riscv32-esp-elf/sys-include
 /home/naltamura/.espressif/tools/riscv32-esp-elf/esp-13.2.0_20230928/riscv32-esp-elf/bin/../lib/gcc/riscv32-esp-elf/13.2.0/../../../../riscv32-esp-elf/include
End of search list.
Compiler executable checksum: 77495f34f76e3c762dece7c39ed79778
COLLECT_GCC_OPTIONS='-march=rv32imc_zicsr_zifencei' '-v' '-o' 'CMakeFiles/cmTC_b1cf4.dir/CMakeCCompilerABI.c.obj' '-c' '-mabi=ilp32' '-misa-spec=20191213' '-march=rv32imc_zicsr_zifencei' '-dumpdir' 'CMakeFiles/cmTC_b1cf4.dir/'
 /home/naltamura/.espressif/tools/riscv32-esp-elf/esp-13.2.0_20230928/riscv32-esp-elf/bin/../lib/gcc/riscv32-esp-elf/13.2.0/../../../../riscv32-esp-elf/bin/as -v --traditional-format -march=rv32imc_zicsr_zifencei -march=rv32imc_zicsr_zifencei -mabi=ilp32 -misa-spec=20191213 -o CMakeFiles/cmTC_b1cf4.dir/CMakeCCompilerABI.c.obj /tmp/cccTzbhw.s
GNU assembler version 2.41 (riscv32-esp-elf) using BFD version (crosstool-NG esp-13.2.0_20230928) 2.41
COMPILER_PATH=/home/naltamura/.espressif/tools/riscv32-esp-elf/esp-13.2.0_20230928/riscv32-esp-elf/bin/../libexec/gcc/riscv32-esp-elf/13.2.0/:/home/naltamura/.espressif/tools/riscv32-esp-elf/esp-13.2.0_20230928/riscv32-esp-elf/bin/../libexec/gcc/:/home/naltamura/.espressif/tools/riscv32-esp-elf/esp-13.2.0_20230928/riscv32-esp-elf/bin/../lib/gcc/riscv32-esp-elf/13.2.0/../../../../riscv32-esp-elf/bin/
LIBRARY_PATH=/home/naltamura/.espressif/tools/riscv32-esp-elf/esp-13.2.0_20230928/riscv32-esp-elf/bin/../lib/gcc/riscv32-esp-elf/13.2.0/rv32imc_zicsr_zifencei/ilp32/:/home/naltamura/.espressif/tools/riscv32-esp-elf/esp-13.2.0_20230928/riscv32-esp-elf/bin/../lib/gcc/riscv32-esp-elf/13.2.0/../../../../riscv32-esp-elf/lib/rv32imc_zicsr_zifencei/ilp32/:/home/naltamura/.espressif/tools/riscv32-esp-elf/esp-13.2.0_20230928/riscv32-esp-elf/bin/../lib/gcc/riscv32-esp-elf/13.2.0/:/home/naltamura/.espressif/tools/riscv32-esp-elf/esp-13.2.0_20230928/riscv32-esp-elf/bin/../lib/gcc/:/home/naltamura/.espressif/tools/riscv32-esp-elf/esp-13.2.0_20230928/riscv32-esp-elf/bin/../lib/gcc/riscv32-esp-elf/13.2.0/../../../../riscv32-esp-elf/lib/
COLLECT_GCC_OPTIONS='-march=rv32imc_zicsr_zifencei' '-v' '-o' 'CMakeFiles/cmTC_b1cf4.dir/CMakeCCompilerABI.c.obj' '-c' '-mabi=ilp32' '-misa-spec=20191213' '-march=rv32imc_zicsr_zifencei' '-dumpdir' 'CMakeFiles/cmTC_b1cf4.dir/CMakeCCompilerABI.c.'
[2/2] Linking C executable cmTC_b1cf4
Using built-in specs.
Reading specs from /home/naltamura/.espressif/tools/riscv32-esp-elf/esp-13.2.0_20230928/riscv32-esp-elf/bin/../lib/gcc/riscv32-esp-elf/13.2.0/../../../../riscv32-esp-elf/lib/nosys.specs
rename spec link_gcc_c_sequence to nosys_link_gcc_c_sequence
COLLECT_GCC=/home/naltamura/.espressif/tools/riscv32-esp-elf/esp-13.2.0_20230928/riscv32-esp-elf/bin/riscv32-esp-elf-gcc
COLLECT_LTO_WRAPPER=/home/naltamura/.espressif/tools/riscv32-esp-elf/esp-13.2.0_20230928/riscv32-esp-elf/bin/../libexec/gcc/riscv32-esp-elf/13.2.0/lto-wrapper
Target: riscv32-esp-elf
Configured with: /builds/idf/crosstool-NG/.build/riscv32-esp-elf/src/gcc/configure --build=x86_64-build_pc-linux-gnu --host=x86_64-build_pc-linux-gnu --target=riscv32-esp-elf --prefix=/builds/idf/crosstool-NG/builds/riscv32-esp-elf --exec_prefix=/builds/idf/crosstool-NG/builds/riscv32-esp-elf --with-local-prefix=/builds/idf/crosstool-NG/builds/riscv32-esp-elf/riscv32-esp-elf --with-headers=/builds/idf/crosstool-NG/builds/riscv32-esp-elf/riscv32-esp-elf/include --with-newlib --enable-threads=no --disable-shared --with-arch=rv32gc --with-abi=ilp32 --with-pkgversion='crosstool-NG esp-13.2.0_20230928' --disable-__cxa_atexit --enable-cxx-flags=-ffunction-sections --disable-libgomp --disable-libmudflap --disable-libmpx --disable-libssp --disable-libquadmath --disable-libquadmath-support --disable-libstdcxx-verbose --with-gmp=/builds/idf/crosstool-NG/.build/riscv32-esp-elf/buildtools --with-mpfr=/builds/idf/crosstool-NG/.build/riscv32-esp-elf/buildtools --with-mpc=/builds/idf/crosstool-NG/.build/riscv32-esp-elf/buildtools --with-isl=/builds/idf/crosstool-NG/.build/riscv32-esp-elf/buildtools --enable-lto --enable-target-optspace --without-long-double-128 --disable-nls --enable-multiarch --enable-languages=c,c++ --disable-libstdcxx-verbose --enable-threads=posix --enable-gcov-custom-rtio --enable-libstdcxx-time=yes
Thread model: posix
Supported LTO compression algorithms: zlib
gcc version 13.2.0 (crosstool-NG esp-13.2.0_20230928) 
COMPILER_PATH=/home/naltamura/.espressif/tools/riscv32-esp-elf/esp-13.2.0_20230928/riscv32-esp-elf/bin/../libexec/gcc/riscv32-esp-elf/13.2.0/:/home/naltamura/.espressif/tools/riscv32-esp-elf/esp-13.2.0_20230928/riscv32-esp-elf/bin/../libexec/gcc/:/home/naltamura/.espressif/tools/riscv32-esp-elf/esp-13.2.0_20230928/riscv32-esp-elf/bin/../lib/gcc/riscv32-esp-elf/13.2.0/../../../../riscv32-esp-elf/bin/
LIBRARY_PATH=/home/naltamura/.espressif/tools/riscv32-esp-elf/esp-13.2.0_20230928/riscv32-esp-elf/bin/../lib/gcc/riscv32-esp-elf/13.2.0/rv32imc_zicsr_zifencei/ilp32/:/home/naltamura/.espressif/tools/riscv32-esp-elf/esp-13.2.0_20230928/riscv32-esp-elf/bin/../lib/gcc/riscv32-esp-elf/13.2.0/../../../../riscv32-esp-elf/lib/rv32imc_zicsr_zifencei/ilp32/:/home/naltamura/.espressif/tools/riscv32-esp-elf/esp-13.2.0_20230928/riscv32-esp-elf/bin/../lib/gcc/riscv32-esp-elf/13.2.0/:/home/naltamura/.espressif/tools/riscv32-esp-elf/esp-13.2.0_20230928/riscv32-esp-elf/bin/../lib/gcc/:/home/naltamura/.espressif/tools/riscv32-esp-elf/esp-13.2.0_20230928/riscv32-esp-elf/bin/../lib/gcc/riscv32-esp-elf/13.2.0/../../../../riscv32-esp-elf/lib/
COLLECT_GCC_OPTIONS='-nostartfiles' '-march=rv32imc_zicsr_zifencei' '-specs=nosys.specs' '-v' '-o' 'cmTC_b1cf4' '-mabi=ilp32' '-misa-spec=20191213' '-march=rv32imc_zicsr_zifencei' '-dumpdir' 'cmTC_b1cf4.'
 /home/naltamura/.espressif/tools/riscv32-esp-elf/esp-13.2.0_20230928/riscv32-esp-elf/bin/../libexec/gcc/riscv32-esp-elf/13.2.0/collect2 -plugin /home/naltamura/.espressif/tools/riscv32-esp-elf/esp-13.2.0_20230928/riscv32-esp-elf/bin/../libexec/gcc/riscv32-esp-elf/13.2.0/liblto_plugin.so -plugin-opt=/home/naltamura/.espressif/tools/riscv32-esp-elf/esp-13.2.0_20230928/riscv32-esp-elf/bin/../libexec/gcc/riscv32-esp-elf/13.2.0/lto-wrapper -plugin-opt=-fresolution=/tmp/ccxfcBNZ.res -plugin-opt=-pass-through=-lgcc -plugin-opt=-pass-through=-lc -plugin-opt=-pass-through=-lnosys -plugin-opt=-pass-through=-lc -plugin-opt=-pass-through=-lgcc -plugin-opt=-pass-through=-lgcc -plugin-opt=-pass-through=-lc -plugin-opt=-pass-through=-lnosys -melf32lriscv -o cmTC_b1cf4 -L/home/naltamura/.espressif/tools/riscv32-esp-elf/esp-13.2.0_20230928/riscv32-esp-elf/bin/../lib/gcc/riscv32-esp-elf/13.2.0/rv32imc_zicsr_zifencei/ilp32 -L/home/naltamura/.espressif/tools/riscv32-esp-elf/esp-13.2.0_20230928/riscv32-esp-elf/bin/../lib/gcc/riscv32-esp-elf/13.2.0/../../../../riscv32-esp-elf/lib/rv32imc_zicsr_zifencei/ilp32 -L/home/naltamura/.espressif/tools/riscv32-esp-elf/esp-13.2.0_20230928/riscv32-esp-elf/bin/../lib/gcc/riscv32-esp-elf/13.2.0 -L/home/naltamura/.espressif/tools/riscv32-esp-elf/esp-13.2.0_20230928/riscv32-esp-elf/bin/../lib/gcc -L/home/naltamura/.espressif/tools/riscv32-esp-elf/esp-13.2.0_20230928/riscv32-esp-elf/bin/../lib/gcc/riscv32-esp-elf/13.2.0/../../../../riscv32-esp-elf/lib CMakeFiles/cmTC_b1cf4.dir/CMakeCCompilerABI.c.obj -lgcc -lc -lnosys -lc -lgcc --start-group -lgcc -lc -lnosys --end-group
/home/naltamura/.espressif/tools/riscv32-esp-elf/esp-13.2.0_20230928/riscv32-esp-elf/bin/../lib/gcc/riscv32-esp-elf/13.2.0/../../../../riscv32-esp-elf/bin/ld: warning: cannot find entry symbol _start; defaulting to 00010074
COLLECT_GCC_OPTIONS='-nostartfiles' '-march=rv32imc_zicsr_zifencei' '-specs=nosys.specs' '-v' '-o' 'cmTC_b1cf4' '-mabi=ilp32' '-misa-spec=20191213' '-march=rv32imc_zicsr_zifencei' '-dumpdir' 'cmTC_b1cf4.'



Parsed C implicit include dir info from above output: rv=done
  found start of include info
  found start of implicit include info
    add: [/home/naltamura/.espressif/tools/riscv32-esp-elf/esp-13.2.0_20230928/riscv32-esp-elf/bin/../lib/gcc/riscv32-esp-elf/13.2.0/include]
    add: [/home/naltamura/.espressif/tools/riscv32-esp-elf/esp-13.2.0_20230928/riscv32-esp-elf/bin/../lib/gcc/riscv32-esp-elf/13.2.0/include-fixed]
    add: [/home/naltamura/.espressif/tools/riscv32-esp-elf/esp-13.2.0_20230928/riscv32-esp-elf/bin/../lib/gcc/riscv32-esp-elf/13.2.0/../../../../riscv32-esp-elf/sys-include]
    add: [/home/naltamura/.espressif/tools/riscv32-esp-elf/esp-13.2.0_20230928/riscv32-esp-elf/bin/../lib/gcc/riscv32-esp-elf/13.2.0/../../../../riscv32-esp-elf/include]
  end of search list found
  collapse include dir [/home/naltamura/.espressif/tools/riscv32-esp-elf/esp-13.2.0_20230928/riscv32-esp-elf/bin/../lib/gcc/riscv32-esp-elf/13.2.0/include] ==> [/home/naltamura/.espressif/tools/riscv32-esp-elf/esp-13.2.0_20230928/riscv32-esp-elf/lib/gcc/riscv32-esp-elf/13.2.0/include]
  collapse include dir [/home/naltamura/.espressif/tools/riscv32-esp-elf/esp-13.2.0_20230928/riscv32-esp-elf/bin/../lib/gcc/riscv32-esp-elf/13.2.0/include-fixed] ==> [/home/naltamura/.espressif/tools/riscv32-esp-elf/esp-13.2.0_20230928/riscv32-esp-elf/lib/gcc/riscv32-esp-elf/13.2.0/include-fixed]
  collapse include dir [/home/naltamura/.espressif/tools/riscv32-esp-elf/esp-13.2.0_20230928/riscv32-esp-elf/bin/../lib/gcc/riscv32-esp-elf/13.2.0/../../../../riscv32-esp-elf/sys-include] ==> [/home/naltamura/.espressif/tools/riscv32-esp-elf/esp-13.2.0_20230928/riscv32-esp-elf/riscv32-esp-elf/sys-include]
  collapse include dir [/home/naltamura/.espressif/tools/riscv32-esp-elf/esp-13.2.0_20230928/riscv32-esp-elf/bin/../lib/gcc/riscv32-esp-elf/13.2.0/../../../../riscv32-esp-elf/include] ==> [/home/naltamura/.espressif/tools/riscv32-esp-elf/esp-13.2.0_20230928/riscv32-esp-elf/riscv32-esp-elf/include]
  implicit include dirs: [/home/naltamura/.espressif/tools/riscv32-esp-elf/esp-13.2.0_20230928/riscv32-esp-elf/lib/gcc/riscv32-esp-elf/13.2.0/include;/home/naltamura/.espressif/tools/riscv32-esp-elf/esp-13.2.0_20230928/riscv32-esp-elf/lib/gcc/riscv32-esp-elf/13.2.0/include-fixed;/home/naltamura/.espressif/tools/riscv32-esp-elf/esp-13.2.0_20230928/riscv32-esp-elf/riscv32-esp-elf/sys-include;/home/naltamura/.espressif/tools/riscv32-esp-elf/esp-13.2.0_20230928/riscv32-esp-elf/riscv32-esp-elf/include]


Parsed C implicit link information from above output:
  link line regex: [^( *|.*[/\])(riscv32-esp-elf-ld|CMAKE_LINK_STARTFILE-NOTFOUND|([^/\]+-)?ld|collect2)[^/\]*( |$)]
  ignore line: [Change Dir: /home/naltamura/Documents/PHD3Y/ZKP_Xlock/Xlock_2v/build/bootloader/CMakeFiles/CMakeTmp]
  ignore line: []
  ignore line: [Run Build Command(s):/usr/bin/ninja cmTC_b1cf4 && [1/2] Building C object CMakeFiles/cmTC_b1cf4.dir/CMakeCCompilerABI.c.obj]
  ignore line: [Using built-in specs.]
  ignore line: [COLLECT_GCC=/home/naltamura/.espressif/tools/riscv32-esp-elf/esp-13.2.0_20230928/riscv32-esp-elf/bin/riscv32-esp-elf-gcc]
  ignore line: [Target: riscv32-esp-elf]
  ignore line: [Configured with: /builds/idf/crosstool-NG/.build/riscv32-esp-elf/src/gcc/configure --build=x86_64-build_pc-linux-gnu --host=x86_64-build_pc-linux-gnu --target=riscv32-esp-elf --prefix=/builds/idf/crosstool-NG/builds/riscv32-esp-elf --exec_prefix=/builds/idf/crosstool-NG/builds/riscv32-esp-elf --with-local-prefix=/builds/idf/crosstool-NG/builds/riscv32-esp-elf/riscv32-esp-elf --with-headers=/builds/idf/crosstool-NG/builds/riscv32-esp-elf/riscv32-esp-elf/include --with-newlib --enable-threads=no --disable-shared --with-arch=rv32gc --with-abi=ilp32 --with-pkgversion='crosstool-NG esp-13.2.0_20230928' --disable-__cxa_atexit --enable-cxx-flags=-ffunction-sections --disable-libgomp --disable-libmudflap --disable-libmpx --disable-libssp --disable-libquadmath --disable-libquadmath-support --disable-libstdcxx-verbose --with-gmp=/builds/idf/crosstool-NG/.build/riscv32-esp-elf/buildtools --with-mpfr=/builds/idf/crosstool-NG/.build/riscv32-esp-elf/buildtools --with-mpc=/builds/idf/crosstool-NG/.build/riscv32-esp-elf/buildtools --with-isl=/builds/idf/crosstool-NG/.build/riscv32-esp-elf/buildtools --enable-lto --enable-target-optspace --without-long-double-128 --disable-nls --enable-multiarch --enable-languages=c c++ --disable-libstdcxx-verbose --enable-threads=posix --enable-gcov-custom-rtio --enable-libstdcxx-time=yes]
  ignore line: [Thread model: posix]
  ignore line: [Supported LTO compression algorithms: zlib]
  ignore line: [gcc version 13.2.0 (crosstool-NG esp-13.2.0_20230928) ]
  ignore line: [COLLECT_GCC_OPTIONS='-march=rv32imc_zicsr_zifencei' '-v' '-o' 'CMakeFiles/cmTC_b1cf4.dir/CMakeCCompilerABI.c.obj' '-c' '-mabi=ilp32' '-misa-spec=20191213' '-march=rv32imc_zicsr_zifencei' '-dumpdir' 'CMakeFiles/cmTC_b1cf4.dir/']
  ignore line: [ /home/naltamura/.espressif/tools/riscv32-esp-elf/esp-13.2.0_20230928/riscv32-esp-elf/bin/../libexec/gcc/riscv32-esp-elf/13.2.0/cc1 -quiet -v -imultilib rv32imc_zicsr_zifencei/ilp32 -iprefix /home/naltamura/.espressif/tools/riscv32-esp-elf/esp-13.2.0_20230928/riscv32-esp-elf/bin/../lib/gcc/riscv32-esp-elf/13.2.0/ /home/naltamura/.espressif/tools/cmake/3.24.0/share/cmake-3.24/Modules/CMakeCCompilerABI.c -quiet -dumpdir CMakeFiles/cmTC_b1cf4.dir/ -dumpbase CMakeCCompilerABI.c.c -dumpbase-ext .c -march=rv32imc_zicsr_zifencei -mabi=ilp32 -misa-spec=20191213 -march=rv32imc_zicsr_zifencei -version -o /tmp/cccTzbhw.s]
  ignore line: [GNU C17 (crosstool-NG esp-13.2.0_20230928) version 13.2.0 (riscv32-esp-elf)]
  ignore line: [	compiled by GNU C version 4.9.2  GMP version 6.2.1  MPFR version 4.1.0  MPC version 1.2.1  isl version isl-0.24-GMP]
  ignore line: []
  ignore line: [GGC heuristics: --param ggc-min-expand=100 --param ggc-min-heapsize=131072]
  ignore line: [ignoring duplicate directory "/home/naltamura/.espressif/tools/riscv32-esp-elf/esp-13.2.0_20230928/riscv32-esp-elf/bin/../lib/gcc/../../lib/gcc/riscv32-esp-elf/13.2.0/include"]
  ignore line: [ignoring duplicate directory "/home/naltamura/.espressif/tools/riscv32-esp-elf/esp-13.2.0_20230928/riscv32-esp-elf/bin/../lib/gcc/../../lib/gcc/riscv32-esp-elf/13.2.0/include-fixed"]
  ignore line: [ignoring duplicate directory "/home/naltamura/.espressif/tools/riscv32-esp-elf/esp-13.2.0_20230928/riscv32-esp-elf/bin/../lib/gcc/../../lib/gcc/riscv32-esp-elf/13.2.0/../../../../riscv32-esp-elf/sys-include"]
  ignore line: [ignoring duplicate directory "/home/naltamura/.espressif/tools/riscv32-esp-elf/esp-13.2.0_20230928/riscv32-esp-elf/bin/../lib/gcc/../../lib/gcc/riscv32-esp-elf/13.2.0/../../../../riscv32-esp-elf/include"]
  ignore line: [#include "..." search starts here:]
  ignore line: [#include <...> search starts here:]
  ignore line: [ /home/naltamura/.espressif/tools/riscv32-esp-elf/esp-13.2.0_20230928/riscv32-esp-elf/bin/../lib/gcc/riscv32-esp-elf/13.2.0/include]
  ignore line: [ /home/naltamura/.espressif/tools/riscv32-esp-elf/esp-13.2.0_20230928/riscv32-esp-elf/bin/../lib/gcc/riscv32-esp-elf/13.2.0/include-fixed]
  ignore line: [ /home/naltamura/.espressif/tools/riscv32-esp-elf/esp-13.2.0_20230928/riscv32-esp-elf/bin/../lib/gcc/riscv32-esp-elf/13.2.0/../../../../riscv32-esp-elf/sys-include]
  ignore line: [ /home/naltamura/.espressif/tools/riscv32-esp-elf/esp-13.2.0_20230928/riscv32-esp-elf/bin/../lib/gcc/riscv32-esp-elf/13.2.0/../../../../riscv32-esp-elf/include]
  ignore line: [End of search list.]
  ignore line: [Compiler executable checksum: 77495f34f76e3c762dece7c39ed79778]
  ignore line: [COLLECT_GCC_OPTIONS='-march=rv32imc_zicsr_zifencei' '-v' '-o' 'CMakeFiles/cmTC_b1cf4.dir/CMakeCCompilerABI.c.obj' '-c' '-mabi=ilp32' '-misa-spec=20191213' '-march=rv32imc_zicsr_zifencei' '-dumpdir' 'CMakeFiles/cmTC_b1cf4.dir/']
  ignore line: [ /home/naltamura/.espressif/tools/riscv32-esp-elf/esp-13.2.0_20230928/riscv32-esp-elf/bin/../lib/gcc/riscv32-esp-elf/13.2.0/../../../../riscv32-esp-elf/bin/as -v --traditional-format -march=rv32imc_zicsr_zifencei -march=rv32imc_zicsr_zifencei -mabi=ilp32 -misa-spec=20191213 -o CMakeFiles/cmTC_b1cf4.dir/CMakeCCompilerABI.c.obj /tmp/cccTzbhw.s]
  ignore line: [GNU assembler version 2.41 (riscv32-esp-elf) using BFD version (crosstool-NG esp-13.2.0_20230928) 2.41]
  ignore line: [COMPILER_PATH=/home/naltamura/.espressif/tools/riscv32-esp-elf/esp-13.2.0_20230928/riscv32-esp-elf/bin/../libexec/gcc/riscv32-esp-elf/13.2.0/:/home/naltamura/.espressif/tools/riscv32-esp-elf/esp-13.2.0_20230928/riscv32-esp-elf/bin/../libexec/gcc/:/home/naltamura/.espressif/tools/riscv32-esp-elf/esp-13.2.0_20230928/riscv32-esp-elf/bin/../lib/gcc/riscv32-esp-elf/13.2.0/../../../../riscv32-esp-elf/bin/]
  ignore line: [LIBRARY_PATH=/home/naltamura/.espressif/tools/riscv32-esp-elf/esp-13.2.0_20230928/riscv32-esp-elf/bin/../lib/gcc/riscv32-esp-elf/13.2.0/rv32imc_zicsr_zifencei/ilp32/:/home/naltamura/.espressif/tools/riscv32-esp-elf/esp-13.2.0_20230928/riscv32-esp-elf/bin/../lib/gcc/riscv32-esp-elf/13.2.0/../../../../riscv32-esp-elf/lib/rv32imc_zicsr_zifencei/ilp32/:/home/naltamura/.espressif/tools/riscv32-esp-elf/esp-13.2.0_20230928/riscv32-esp-elf/bin/../lib/gcc/riscv32-esp-elf/13.2.0/:/home/naltamura/.espressif/tools/riscv32-esp-elf/esp-13.2.0_20230928/riscv32-esp-elf/bin/../lib/gcc/:/home/naltamura/.espressif/tools/riscv32-esp-elf/esp-13.2.0_20230928/riscv32-esp-elf/bin/../lib/gcc/riscv32-esp-elf/13.2.0/../../../../riscv32-esp-elf/lib/]
  ignore line: [COLLECT_GCC_OPTIONS='-march=rv32imc_zicsr_zifencei' '-v' '-o' 'CMakeFiles/cmTC_b1cf4.dir/CMakeCCompilerABI.c.obj' '-c' '-mabi=ilp32' '-misa-spec=20191213' '-march=rv32imc_zicsr_zifencei' '-dumpdir' 'CMakeFiles/cmTC_b1cf4.dir/CMakeCCompilerABI.c.']
  ignore line: [[2/2] Linking C executable cmTC_b1cf4]
  ignore line: [Using built-in specs.]
  ignore line: [Reading specs from /home/naltamura/.espressif/tools/riscv32-esp-elf/esp-13.2.0_20230928/riscv32-esp-elf/bin/../lib/gcc/riscv32-esp-elf/13.2.0/../../../../riscv32-esp-elf/lib/nosys.specs]
  ignore line: [rename spec link_gcc_c_sequence to nosys_link_gcc_c_sequence]
  ignore line: [COLLECT_GCC=/home/naltamura/.espressif/tools/riscv32-esp-elf/esp-13.2.0_20230928/riscv32-esp-elf/bin/riscv32-esp-elf-gcc]
  ignore line: [COLLECT_LTO_WRAPPER=/home/naltamura/.espressif/tools/riscv32-esp-elf/esp-13.2.0_20230928/riscv32-esp-elf/bin/../libexec/gcc/riscv32-esp-elf/13.2.0/lto-wrapper]
  ignore line: [Target: riscv32-esp-elf]
  ignore line: [Configured with: /builds/idf/crosstool-NG/.build/riscv32-esp-elf/src/gcc/configure --build=x86_64-build_pc-linux-gnu --host=x86_64-build_pc-linux-gnu --target=riscv32-esp-elf --prefix=/builds/idf/crosstool-NG/builds/riscv32-esp-elf --exec_prefix=/builds/idf/crosstool-NG/builds/riscv32-esp-elf --with-local-prefix=/builds/idf/crosstool-NG/builds/riscv32-esp-elf/riscv32-esp-elf --with-headers=/builds/idf/crosstool-NG/builds/riscv32-esp-elf/riscv32-esp-elf/include --with-newlib --enable-threads=no --disable-shared --with-arch=rv32gc --with-abi=ilp32 --with-pkgversion='crosstool-NG esp-13.2.0_20230928' --disable-__cxa_atexit --enable-cxx-flags=-ffunction-sections --disable-libgomp --disable-libmudflap --disable-libmpx --disable-libssp --disable-libquadmath --disable-libquadmath-support --disable-libstdcxx-verbose --with-gmp=/builds/idf/crosstool-NG/.build/riscv32-esp-elf/buildtools --with-mpfr=/builds/idf/crosstool-NG/.build/riscv32-esp-elf/buildtools --with-mpc=/builds/idf/crosstool-NG/.build/riscv32-esp-elf/buildtools --with-isl=/builds/idf/crosstool-NG/.build/riscv32-esp-elf/buildtools --enable-lto --enable-target-optspace --without-long-double-128 --disable-nls --enable-multiarch --enable-languages=c c++ --disable-libstdcxx-verbose --enable-threads=posix --enable-gcov-custom-rtio --enable-libstdcxx-time=yes]
  ignore line: [Thread model: posix]
  ignore line: [Supported LTO compression algorithms: zlib]
  ignore line: [gcc version 13.2.0 (crosstool-NG esp-13.2.0_20230928) ]
  ignore line: [COMPILER_PATH=/home/naltamura/.espressif/tools/riscv32-esp-elf/esp-13.2.0_20230928/riscv32-esp-elf/bin/../libexec/gcc/riscv32-esp-elf/13.2.0/:/home/naltamura/.espressif/tools/riscv32-esp-elf/esp-13.2.0_20230928/riscv32-esp-elf/bin/../libexec/gcc/:/home/naltamura/.espressif/tools/riscv32-esp-elf/esp-13.2.0_20230928/riscv32-esp-elf/bin/../lib/gcc/riscv32-esp-elf/13.2.0/../../../../riscv32-esp-elf/bin/]
  ignore line: [LIBRARY_PATH=/home/naltamura/.espressif/tools/riscv32-esp-elf/esp-13.2.0_20230928/riscv32-esp-elf/bin/../lib/gcc/riscv32-esp-elf/13.2.0/rv32imc_zicsr_zifencei/ilp32/:/home/naltamura/.espressif/tools/riscv32-esp-elf/esp-13.2.0_20230928/riscv32-esp-elf/bin/../lib/gcc/riscv32-esp-elf/13.2.0/../../../../riscv32-esp-elf/lib/rv32imc_zicsr_zifencei/ilp32/:/home/naltamura/.espressif/tools/riscv32-esp-elf/esp-13.2.0_20230928/riscv32-esp-elf/bin/../lib/gcc/riscv32-esp-elf/13.2.0/:/home/naltamura/.espressif/tools/riscv32-esp-elf/esp-13.2.0_20230928/riscv32-esp-elf/bin/../lib/gcc/:/home/naltamura/.espressif/tools/riscv32-esp-elf/esp-13.2.0_20230928/riscv32-esp-elf/bin/../lib/gcc/riscv32-esp-elf/13.2.0/../../../../riscv32-esp-elf/lib/]
  ignore line: [COLLECT_GCC_OPTIONS='-nostartfiles' '-march=rv32imc_zicsr_zifencei' '-specs=nosys.specs' '-v' '-o' 'cmTC_b1cf4' '-mabi=ilp32' '-misa-spec=20191213' '-march=rv32imc_zicsr_zifencei' '-dumpdir' 'cmTC_b1cf4.']
  link line: [ /home/naltamura/.espressif/tools/riscv32-esp-elf/esp-13.2.0_20230928/riscv32-esp-elf/bin/../libexec/gcc/riscv32-esp-elf/13.2.0/collect2 -plugin /home/naltamura/.espressif/tools/riscv32-esp-elf/esp-13.2.0_20230928/riscv32-esp-elf/bin/../libexec/gcc/riscv32-esp-elf/13.2.0/liblto_plugin.so -plugin-opt=/home/naltamura/.espressif/tools/riscv32-esp-elf/esp-13.2.0_20230928/riscv32-esp-elf/bin/../libexec/gcc/riscv32-esp-elf/13.2.0/lto-wrapper -plugin-opt=-fresolution=/tmp/ccxfcBNZ.res -plugin-opt=-pass-through=-lgcc -plugin-opt=-pass-through=-lc -plugin-opt=-pass-through=-lnosys -plugin-opt=-pass-through=-lc -plugin-opt=-pass-through=-lgcc -plugin-opt=-pass-through=-lgcc -plugin-opt=-pass-through=-lc -plugin-opt=-pass-through=-lnosys -melf32lriscv -o cmTC_b1cf4 -L/home/naltamura/.espressif/tools/riscv32-esp-elf/esp-13.2.0_20230928/riscv32-esp-elf/bin/../lib/gcc/riscv32-esp-elf/13.2.0/rv32imc_zicsr_zifencei/ilp32 -L/home/naltamura/.espressif/tools/riscv32-esp-elf/esp-13.2.0_20230928/riscv32-esp-elf/bin/../lib/gcc/riscv32-esp-elf/13.2.0/../../../../riscv32-esp-elf/lib/rv32imc_zicsr_zifencei/ilp32 -L/home/naltamura/.espressif/tools/riscv32-esp-elf/esp-13.2.0_20230928/riscv32-esp-elf/bin/../lib/gcc/riscv32-esp-elf/13.2.0 -L/home/naltamura/.espressif/tools/riscv32-esp-elf/esp-13.2.0_20230928/riscv32-esp-elf/bin/../lib/gcc -L/home/naltamura/.espressif/tools/riscv32-esp-elf/esp-13.2.0_20230928/riscv32-esp-elf/bin/../lib/gcc/riscv32-esp-elf/13.2.0/../../../../riscv32-esp-elf/lib CMakeFiles/cmTC_b1cf4.dir/CMakeCCompilerABI.c.obj -lgcc -lc -lnosys -lc -lgcc --start-group -lgcc -lc -lnosys --end-group]
    arg [/home/naltamura/.espressif/tools/riscv32-esp-elf/esp-13.2.0_20230928/riscv32-esp-elf/bin/../libexec/gcc/riscv32-esp-elf/13.2.0/collect2] ==> ignore
    arg [-plugin] ==> ignore
    arg [/home/naltamura/.espressif/tools/riscv32-esp-elf/esp-13.2.0_20230928/riscv32-esp-elf/bin/../libexec/gcc/riscv32-esp-elf/13.2.0/liblto_plugin.so] ==> ignore
    arg [-plugin-opt=/home/naltamura/.espressif/tools/riscv32-esp-elf/esp-13.2.0_20230928/riscv32-esp-elf/bin/../libexec/gcc/riscv32-esp-elf/13.2.0/lto-wrapper] ==> ignore
    arg [-plugin-opt=-fresolution=/tmp/ccxfcBNZ.res] ==> ignore
    arg [-plugin-opt=-pass-through=-lgcc] ==> ignore
    arg [-plugin-opt=-pass-through=-lc] ==> ignore
    arg [-plugin-opt=-pass-through=-lnosys] ==> ignore
    arg [-plugin-opt=-pass-through=-lc] ==> ignore
    arg [-plugin-opt=-pass-through=-lgcc] ==> ignore
    arg [-plugin-opt=-pass-through=-lgcc] ==> ignore
    arg [-plugin-opt=-pass-through=-lc] ==> ignore
    arg [-plugin-opt=-pass-through=-lnosys] ==> ignore
    arg [-melf32lriscv] ==> ignore
    arg [-o] ==> ignore
    arg [cmTC_b1cf4] ==> ignore
    arg [-L/home/naltamura/.espressif/tools/riscv32-esp-elf/esp-13.2.0_20230928/riscv32-esp-elf/bin/../lib/gcc/riscv32-esp-elf/13.2.0/rv32imc_zicsr_zifencei/ilp32] ==> dir [/home/naltamura/.espressif/tools/riscv32-esp-elf/esp-13.2.0_20230928/riscv32-esp-elf/bin/../lib/gcc/riscv32-esp-elf/13.2.0/rv32imc_zicsr_zifencei/ilp32]
    arg [-L/home/naltamura/.espressif/tools/riscv32-esp-elf/esp-13.2.0_20230928/riscv32-esp-elf/bin/../lib/gcc/riscv32-esp-elf/13.2.0/../../../../riscv32-esp-elf/lib/rv32imc_zicsr_zifencei/ilp32] ==> dir [/home/naltamura/.espressif/tools/riscv32-esp-elf/esp-13.2.0_20230928/riscv32-esp-elf/bin/../lib/gcc/riscv32-esp-elf/13.2.0/../../../../riscv32-esp-elf/lib/rv32imc_zicsr_zifencei/ilp32]
    arg [-L/home/naltamura/.espressif/tools/riscv32-esp-elf/esp-13.2.0_20230928/riscv32-esp-elf/bin/../lib/gcc/riscv32-esp-elf/13.2.0] ==> dir [/home/naltamura/.espressif/tools/riscv32-esp-elf/esp-13.2.0_20230928/riscv32-esp-elf/bin/../lib/gcc/riscv32-esp-elf/13.2.0]
    arg [-L/home/naltamura/.espressif/tools/riscv32-esp-elf/esp-13.2.0_20230928/riscv32-esp-elf/bin/../lib/gcc] ==> dir [/home/naltamura/.espressif/tools/riscv32-esp-elf/esp-13.2.0_20230928/riscv32-esp-elf/bin/../lib/gcc]
    arg [-L/home/naltamura/.espressif/tools/riscv32-esp-elf/esp-13.2.0_20230928/riscv32-esp-elf/bin/../lib/gcc/riscv32-esp-elf/13.2.0/../../../../riscv32-esp-elf/lib] ==> dir [/home/naltamura/.espressif/tools/riscv32-esp-elf/esp-13.2.0_20230928/riscv32-esp-elf/bin/../lib/gcc/riscv32-esp-elf/13.2.0/../../../../riscv32-esp-elf/lib]
    arg [CMakeFiles/cmTC_b1cf4.dir/CMakeCCompilerABI.c.obj] ==> ignore
    arg [-lgcc] ==> lib [gcc]
    arg [-lc] ==> lib [c]
    arg [-lnosys] ==> lib [nosys]
    arg [-lc] ==> lib [c]
    arg [-lgcc] ==> lib [gcc]
    arg [--start-group] ==> ignore
    arg [-lgcc] ==> lib [gcc]
    arg [-lc] ==> lib [c]
    arg [-lnosys] ==> lib [nosys]
    arg [--end-group] ==> ignore
  collapse library dir [/home/naltamura/.espressif/tools/riscv32-esp-elf/esp-13.2.0_20230928/riscv32-esp-elf/bin/../lib/gcc/riscv32-esp-elf/13.2.0/rv32imc_zicsr_zifencei/ilp32] ==> [/home/naltamura/.espressif/tools/riscv32-esp-elf/esp-13.2.0_20230928/riscv32-esp-elf/lib/gcc/riscv32-esp-elf/13.2.0/rv32imc_zicsr_zifencei/ilp32]
  collapse library dir [/home/naltamura/.espressif/tools/riscv32-esp-elf/esp-13.2.0_20230928/riscv32-esp-elf/bin/../lib/gcc/riscv32-esp-elf/13.2.0/../../../../riscv32-esp-elf/lib/rv32imc_zicsr_zifencei/ilp32] ==> [/home/naltamura/.espressif/tools/riscv32-esp-elf/esp-13.2.0_20230928/riscv32-esp-elf/riscv32-esp-elf/lib/rv32imc_zicsr_zifencei/ilp32]
  collapse library dir [/home/naltamura/.espressif/tools/riscv32-esp-elf/esp-13.2.0_20230928/riscv32-esp-elf/bin/../lib/gcc/riscv32-esp-elf/13.2.0] ==> [/home/naltamura/.espressif/tools/riscv32-esp-elf/esp-13.2.0_20230928/riscv32-esp-elf/lib/gcc/riscv32-esp-elf/13.2.0]
  collapse library dir [/home/naltamura/.espressif/tools/riscv32-esp-elf/esp-13.2.0_20230928/riscv32-esp-elf/bin/../lib/gcc] ==> [/home/naltamura/.espressif/tools/riscv32-esp-elf/esp-13.2.0_20230928/riscv32-esp-elf/lib/gcc]
  collapse library dir [/home/naltamura/.espressif/tools/riscv32-esp-elf/esp-13.2.0_20230928/riscv32-esp-elf/bin/../lib/gcc/riscv32-esp-elf/13.2.0/../../../../riscv32-esp-elf/lib] ==> [/home/naltamura/.espressif/tools/riscv32-esp-elf/esp-13.2.0_20230928/riscv32-esp-elf/riscv32-esp-elf/lib]
  implicit libs: [gcc;c;nosys;c;gcc;gcc;c;nosys]
  implicit objs: []
  implicit dirs: [/home/naltamura/.espressif/tools/riscv32-esp-elf/esp-13.2.0_20230928/riscv32-esp-elf/lib/gcc/riscv32-esp-elf/13.2.0/rv32imc_zicsr_zifencei/ilp32;/home/naltamura/.espressif/tools/riscv32-esp-elf/esp-13.2.0_20230928/riscv32-esp-elf/riscv32-esp-elf/lib/rv32imc_zicsr_zifencei/ilp32;/home/naltamura/.espressif/tools/riscv32-esp-elf/esp-13.2.0_20230928/riscv32-esp-elf/lib/gcc/riscv32-esp-elf/13.2.0;/home/naltamura/.espressif/tools/riscv32-esp-elf/esp-13.2.0_20230928/riscv32-esp-elf/lib/gcc;/home/naltamura/.espressif/tools/riscv32-esp-elf/esp-13.2.0_20230928/riscv32-esp-elf/riscv32-esp-elf/lib]
  implicit fwks: []


Detecting CXX compiler ABI info compiled with the following output:
Change Dir: /home/naltamura/Documents/PHD3Y/ZKP_Xlock/Xlock_2v/build/bootloader/CMakeFiles/CMakeTmp

Run Build Command(s):/usr/bin/ninja cmTC_456b8 && [1/2] Building CXX object CMakeFiles/cmTC_456b8.dir/CMakeCXXCompilerABI.cpp.obj
Using built-in specs.
COLLECT_GCC=/home/naltamura/.espressif/tools/riscv32-esp-elf/esp-13.2.0_20230928/riscv32-esp-elf/bin/riscv32-esp-elf-g++
Target: riscv32-esp-elf
Configured with: /builds/idf/crosstool-NG/.build/riscv32-esp-elf/src/gcc/configure --build=x86_64-build_pc-linux-gnu --host=x86_64-build_pc-linux-gnu --target=riscv32-esp-elf --prefix=/builds/idf/crosstool-NG/builds/riscv32-esp-elf --exec_prefix=/builds/idf/crosstool-NG/builds/riscv32-esp-elf --with-local-prefix=/builds/idf/crosstool-NG/builds/riscv32-esp-elf/riscv32-esp-elf --with-headers=/builds/idf/crosstool-NG/builds/riscv32-esp-elf/riscv32-esp-elf/include --with-newlib --enable-threads=no --disable-shared --with-arch=rv32gc --with-abi=ilp32 --with-pkgversion='crosstool-NG esp-13.2.0_20230928' --disable-__cxa_atexit --enable-cxx-flags=-ffunction-sections --disable-libgomp --disable-libmudflap --disable-libmpx --disable-libssp --disable-libquadmath --disable-libquadmath-support --disable-libstdcxx-verbose --with-gmp=/builds/idf/crosstool-NG/.build/riscv32-esp-elf/buildtools --with-mpfr=/builds/idf/crosstool-NG/.build/riscv32-esp-elf/buildtools --with-mpc=/builds/idf/crosstool-NG/.build/riscv32-esp-elf/buildtools --with-isl=/builds/idf/crosstool-NG/.build/riscv32-esp-elf/buildtools --enable-lto --enable-target-optspace --without-long-double-128 --disable-nls --enable-multiarch --enable-languages=c,c++ --disable-libstdcxx-verbose --enable-threads=posix --enable-gcov-custom-rtio --enable-libstdcxx-time=yes
Thread model: posix
Supported LTO compression algorithms: zlib
gcc version 13.2.0 (crosstool-NG esp-13.2.0_20230928) 
COLLECT_GCC_OPTIONS='-march=rv32imc_zicsr_zifencei' '-v' '-o' 'CMakeFiles/cmTC_456b8.dir/CMakeCXXCompilerABI.cpp.obj' '-c' '-mabi=ilp32' '-misa-spec=20191213' '-march=rv32imc_zicsr_zifencei' '-dumpdir' 'CMakeFiles/cmTC_456b8.dir/'
 /home/naltamura/.espressif/tools/riscv32-esp-elf/esp-13.2.0_20230928/riscv32-esp-elf/bin/../libexec/gcc/riscv32-esp-elf/13.2.0/cc1plus -quiet -v -imultilib rv32imc_zicsr_zifencei/ilp32 -iprefix /home/naltamura/.espressif/tools/riscv32-esp-elf/esp-13.2.0_20230928/riscv32-esp-elf/bin/../lib/gcc/riscv32-esp-elf/13.2.0/ /home/naltamura/.espressif/tools/cmake/3.24.0/share/cmake-3.24/Modules/CMakeCXXCompilerABI.cpp -quiet -dumpdir CMakeFiles/cmTC_456b8.dir/ -dumpbase CMakeCXXCompilerABI.cpp.cpp -dumpbase-ext .cpp -march=rv32imc_zicsr_zifencei -mabi=ilp32 -misa-spec=20191213 -march=rv32imc_zicsr_zifencei -version -o /tmp/ccqo2Fjo.s
GNU C++17 (crosstool-NG esp-13.2.0_20230928) version 13.2.0 (riscv32-esp-elf)
	compiled by GNU C version 4.9.2, GMP version 6.2.1, MPFR version 4.1.0, MPC version 1.2.1, isl version isl-0.24-GMP

GGC heuristics: --param ggc-min-expand=100 --param ggc-min-heapsize=131072
ignoring duplicate directory "/home/naltamura/.espressif/tools/riscv32-esp-elf/esp-13.2.0_20230928/riscv32-esp-elf/bin/../lib/gcc/../../lib/gcc/riscv32-esp-elf/13.2.0/../../../../riscv32-esp-elf/include/c++/13.2.0"
ignoring duplicate directory "/home/naltamura/.espressif/tools/riscv32-esp-elf/esp-13.2.0_20230928/riscv32-esp-elf/bin/../lib/gcc/../../lib/gcc/riscv32-esp-elf/13.2.0/../../../../riscv32-esp-elf/include/c++/13.2.0/riscv32-esp-elf/rv32imc_zicsr_zifencei/ilp32"
ignoring duplicate directory "/home/naltamura/.espressif/tools/riscv32-esp-elf/esp-13.2.0_20230928/riscv32-esp-elf/bin/../lib/gcc/../../lib/gcc/riscv32-esp-elf/13.2.0/../../../../riscv32-esp-elf/include/c++/13.2.0/backward"
ignoring duplicate directory "/home/naltamura/.espressif/tools/riscv32-esp-elf/esp-13.2.0_20230928/riscv32-esp-elf/bin/../lib/gcc/../../lib/gcc/riscv32-esp-elf/13.2.0/include"
ignoring duplicate directory "/home/naltamura/.espressif/tools/riscv32-esp-elf/esp-13.2.0_20230928/riscv32-esp-elf/bin/../lib/gcc/../../lib/gcc/riscv32-esp-elf/13.2.0/include-fixed"
ignoring duplicate directory "/home/naltamura/.espressif/tools/riscv32-esp-elf/esp-13.2.0_20230928/riscv32-esp-elf/bin/../lib/gcc/../../lib/gcc/riscv32-esp-elf/13.2.0/../../../../riscv32-esp-elf/sys-include"
ignoring duplicate directory "/home/naltamura/.espressif/tools/riscv32-esp-elf/esp-13.2.0_20230928/riscv32-esp-elf/bin/../lib/gcc/../../lib/gcc/riscv32-esp-elf/13.2.0/../../../../riscv32-esp-elf/include"
#include "..." search starts here:
#include <...> search starts here:
 /home/naltamura/.espressif/tools/riscv32-esp-elf/esp-13.2.0_20230928/riscv32-esp-elf/bin/../lib/gcc/riscv32-esp-elf/13.2.0/../../../../riscv32-esp-elf/include/c++/13.2.0
 /home/naltamura/.espressif/tools/riscv32-esp-elf/esp-13.2.0_20230928/riscv32-esp-elf/bin/../lib/gcc/riscv32-esp-elf/13.2.0/../../../../riscv32-esp-elf/include/c++/13.2.0/riscv32-esp-elf/rv32imc_zicsr_zifencei/ilp32
 /home/naltamura/.espressif/tools/riscv32-esp-elf/esp-13.2.0_20230928/riscv32-esp-elf/bin/../lib/gcc/riscv32-esp-elf/13.2.0/../../../../riscv32-esp-elf/include/c++/13.2.0/backward
 /home/naltamura/.espressif/tools/riscv32-esp-elf/esp-13.2.0_20230928/riscv32-esp-elf/bin/../lib/gcc/riscv32-esp-elf/13.2.0/include
 /home/naltamura/.espressif/tools/riscv32-esp-elf/esp-13.2.0_20230928/riscv32-esp-elf/bin/../lib/gcc/riscv32-esp-elf/13.2.0/include-fixed
 /home/naltamura/.espressif/tools/riscv32-esp-elf/esp-13.2.0_20230928/riscv32-esp-elf/bin/../lib/gcc/riscv32-esp-elf/13.2.0/../../../../riscv32-esp-elf/sys-include
 /home/naltamura/.espressif/tools/riscv32-esp-elf/esp-13.2.0_20230928/riscv32-esp-elf/bin/../lib/gcc/riscv32-esp-elf/13.2.0/../../../../riscv32-esp-elf/include
End of search list.
Compiler executable checksum: 2f922d80f93cca9f059a3573788cba06
COLLECT_GCC_OPTIONS='-march=rv32imc_zicsr_zifencei' '-v' '-o' 'CMakeFiles/cmTC_456b8.dir/CMakeCXXCompilerABI.cpp.obj' '-c' '-mabi=ilp32' '-misa-spec=20191213' '-march=rv32imc_zicsr_zifencei' '-dumpdir' 'CMakeFiles/cmTC_456b8.dir/'
 /home/naltamura/.espressif/tools/riscv32-esp-elf/esp-13.2.0_20230928/riscv32-esp-elf/bin/../lib/gcc/riscv32-esp-elf/13.2.0/../../../../riscv32-esp-elf/bin/as -v --traditional-format -march=rv32imc_zicsr_zifencei -march=rv32imc_zicsr_zifencei -mabi=ilp32 -misa-spec=20191213 -o CMakeFiles/cmTC_456b8.dir/CMakeCXXCompilerABI.cpp.obj /tmp/ccqo2Fjo.s
GNU assembler version 2.41 (riscv32-esp-elf) using BFD version (crosstool-NG esp-13.2.0_20230928) 2.41
COMPILER_PATH=/home/naltamura/.espressif/tools/riscv32-esp-elf/esp-13.2.0_20230928/riscv32-esp-elf/bin/../libexec/gcc/riscv32-esp-elf/13.2.0/:/home/naltamura/.espressif/tools/riscv32-esp-elf/esp-13.2.0_20230928/riscv32-esp-elf/bin/../libexec/gcc/:/home/naltamura/.espressif/tools/riscv32-esp-elf/esp-13.2.0_20230928/riscv32-esp-elf/bin/../lib/gcc/riscv32-esp-elf/13.2.0/../../../../riscv32-esp-elf/bin/
LIBRARY_PATH=/home/naltamura/.espressif/tools/riscv32-esp-elf/esp-13.2.0_20230928/riscv32-esp-elf/bin/../lib/gcc/riscv32-esp-elf/13.2.0/rv32imc_zicsr_zifencei/ilp32/:/home/naltamura/.espressif/tools/riscv32-esp-elf/esp-13.2.0_20230928/riscv32-esp-elf/bin/../lib/gcc/riscv32-esp-elf/13.2.0/../../../../riscv32-esp-elf/lib/rv32imc_zicsr_zifencei/ilp32/:/home/naltamura/.espressif/tools/riscv32-esp-elf/esp-13.2.0_20230928/riscv32-esp-elf/bin/../lib/gcc/riscv32-esp-elf/13.2.0/:/home/naltamura/.espressif/tools/riscv32-esp-elf/esp-13.2.0_20230928/riscv32-esp-elf/bin/../lib/gcc/:/home/naltamura/.espressif/tools/riscv32-esp-elf/esp-13.2.0_20230928/riscv32-esp-elf/bin/../lib/gcc/riscv32-esp-elf/13.2.0/../../../../riscv32-esp-elf/lib/
COLLECT_GCC_OPTIONS='-march=rv32imc_zicsr_zifencei' '-v' '-o' 'CMakeFiles/cmTC_456b8.dir/CMakeCXXCompilerABI.cpp.obj' '-c' '-mabi=ilp32' '-misa-spec=20191213' '-march=rv32imc_zicsr_zifencei' '-dumpdir' 'CMakeFiles/cmTC_456b8.dir/CMakeCXXCompilerABI.cpp.'
[2/2] Linking CXX executable cmTC_456b8
Using built-in specs.
Reading specs from /home/naltamura/.espressif/tools/riscv32-esp-elf/esp-13.2.0_20230928/riscv32-esp-elf/bin/../lib/gcc/riscv32-esp-elf/13.2.0/../../../../riscv32-esp-elf/lib/nosys.specs
rename spec link_gcc_c_sequence to nosys_link_gcc_c_sequence
COLLECT_GCC=/home/naltamura/.espressif/tools/riscv32-esp-elf/esp-13.2.0_20230928/riscv32-esp-elf/bin/riscv32-esp-elf-g++
COLLECT_LTO_WRAPPER=/home/naltamura/.espressif/tools/riscv32-esp-elf/esp-13.2.0_20230928/riscv32-esp-elf/bin/../libexec/gcc/riscv32-esp-elf/13.2.0/lto-wrapper
Target: riscv32-esp-elf
Configured with: /builds/idf/crosstool-NG/.build/riscv32-esp-elf/src/gcc/configure --build=x86_64-build_pc-linux-gnu --host=x86_64-build_pc-linux-gnu --target=riscv32-esp-elf --prefix=/builds/idf/crosstool-NG/builds/riscv32-esp-elf --exec_prefix=/builds/idf/crosstool-NG/builds/riscv32-esp-elf --with-local-prefix=/builds/idf/crosstool-NG/builds/riscv32-esp-elf/riscv32-esp-elf --with-headers=/builds/idf/crosstool-NG/builds/riscv32-esp-elf/riscv32-esp-elf/include --with-newlib --enable-threads=no --disable-shared --with-arch=rv32gc --with-abi=ilp32 --with-pkgversion='crosstool-NG esp-13.2.0_20230928' --disable-__cxa_atexit --enable-cxx-flags=-ffunction-sections --disable-libgomp --disable-libmudflap --disable-libmpx --disable-libssp --disable-libquadmath --disable-libquadmath-support --disable-libstdcxx-verbose --with-gmp=/builds/idf/crosstool-NG/.build/riscv32-esp-elf/buildtools --with-mpfr=/builds/idf/crosstool-NG/.build/riscv32-esp-elf/buildtools --with-mpc=/builds/idf/crosstool-NG/.build/riscv32-esp-elf/buildtools --with-isl=/builds/idf/crosstool-NG/.build/riscv32-esp-elf/buildtools --enable-lto --enable-target-optspace --without-long-double-128 --disable-nls --enable-multiarch --enable-languages=c,c++ --disable-libstdcxx-verbose --enable-threads=posix --enable-gcov-custom-rtio --enable-libstdcxx-time=yes
Thread model: posix
Supported LTO compression algorithms: zlib
gcc version 13.2.0 (crosstool-NG esp-13.2.0_20230928) 
COMPILER_PATH=/home/naltamura/.espressif/tools/riscv32-esp-elf/esp-13.2.0_20230928/riscv32-esp-elf/bin/../libexec/gcc/riscv32-esp-elf/13.2.0/:/home/naltamura/.espressif/tools/riscv32-esp-elf/esp-13.2.0_20230928/riscv32-esp-elf/bin/../libexec/gcc/:/home/naltamura/.espressif/tools/riscv32-esp-elf/esp-13.2.0_20230928/riscv32-esp-elf/bin/../lib/gcc/riscv32-esp-elf/13.2.0/../../../../riscv32-esp-elf/bin/
LIBRARY_PATH=/home/naltamura/.espressif/tools/riscv32-esp-elf/esp-13.2.0_20230928/riscv32-esp-elf/bin/../lib/gcc/riscv32-esp-elf/13.2.0/rv32imc_zicsr_zifencei/ilp32/:/home/naltamura/.espressif/tools/riscv32-esp-elf/esp-13.2.0_20230928/riscv32-esp-elf/bin/../lib/gcc/riscv32-esp-elf/13.2.0/../../../../riscv32-esp-elf/lib/rv32imc_zicsr_zifencei/ilp32/:/home/naltamura/.espressif/tools/riscv32-esp-elf/esp-13.2.0_20230928/riscv32-esp-elf/bin/../lib/gcc/riscv32-esp-elf/13.2.0/:/home/naltamura/.espressif/tools/riscv32-esp-elf/esp-13.2.0_20230928/riscv32-esp-elf/bin/../lib/gcc/:/home/naltamura/.espressif/tools/riscv32-esp-elf/esp-13.2.0_20230928/riscv32-esp-elf/bin/../lib/gcc/riscv32-esp-elf/13.2.0/../../../../riscv32-esp-elf/lib/
COLLECT_GCC_OPTIONS='-nostartfiles' '-march=rv32imc_zicsr_zifencei' '-specs=nosys.specs' '-v' '-o' 'cmTC_456b8' '-mabi=ilp32' '-misa-spec=20191213' '-march=rv32imc_zicsr_zifencei' '-dumpdir' 'cmTC_456b8.'
 /home/naltamura/.espressif/tools/riscv32-esp-elf/esp-13.2.0_20230928/riscv32-esp-elf/bin/../libexec/gcc/riscv32-esp-elf/13.2.0/collect2 -plugin /home/naltamura/.espressif/tools/riscv32-esp-elf/esp-13.2.0_20230928/riscv32-esp-elf/bin/../libexec/gcc/riscv32-esp-elf/13.2.0/liblto_plugin.so -plugin-opt=/home/naltamura/.espressif/tools/riscv32-esp-elf/esp-13.2.0_20230928/riscv32-esp-elf/bin/../libexec/gcc/riscv32-esp-elf/13.2.0/lto-wrapper -plugin-opt=-fresolution=/tmp/cchNY2ca.res -plugin-opt=-pass-through=-lgcc -plugin-opt=-pass-through=-lc -plugin-opt=-pass-through=-lnosys -plugin-opt=-pass-through=-lc -plugin-opt=-pass-through=-lgcc -plugin-opt=-pass-through=-lgcc -plugin-opt=-pass-through=-lc -plugin-opt=-pass-through=-lnosys -melf32lriscv -o cmTC_456b8 -L/home/naltamura/.espressif/tools/riscv32-esp-elf/esp-13.2.0_20230928/riscv32-esp-elf/bin/../lib/gcc/riscv32-esp-elf/13.2.0/rv32imc_zicsr_zifencei/ilp32 -L/home/naltamura/.espressif/tools/riscv32-esp-elf/esp-13.2.0_20230928/riscv32-esp-elf/bin/../lib/gcc/riscv32-esp-elf/13.2.0/../../../../riscv32-esp-elf/lib/rv32imc_zicsr_zifencei/ilp32 -L/home/naltamura/.espressif/tools/riscv32-esp-elf/esp-13.2.0_20230928/riscv32-esp-elf/bin/../lib/gcc/riscv32-esp-elf/13.2.0 -L/home/naltamura/.espressif/tools/riscv32-esp-elf/esp-13.2.0_20230928/riscv32-esp-elf/bin/../lib/gcc -L/home/naltamura/.espressif/tools/riscv32-esp-elf/esp-13.2.0_20230928/riscv32-esp-elf/bin/../lib/gcc/riscv32-esp-elf/13.2.0/../../../../riscv32-esp-elf/lib CMakeFiles/cmTC_456b8.dir/CMakeCXXCompilerABI.cpp.obj -lstdc++ -lm -lgcc -lc -lnosys -lc -lgcc --start-group -lgcc -lc -lnosys --end-group
/home/naltamura/.espressif/tools/riscv32-esp-elf/esp-13.2.0_20230928/riscv32-esp-elf/bin/../lib/gcc/riscv32-esp-elf/13.2.0/../../../../riscv32-esp-elf/bin/ld: warning: cannot find entry symbol _start; defaulting to 00010074
COLLECT_GCC_OPTIONS='-nostartfiles' '-march=rv32imc_zicsr_zifencei' '-specs=nosys.specs' '-v' '-o' 'cmTC_456b8' '-mabi=ilp32' '-misa-spec=20191213' '-march=rv32imc_zicsr_zifencei' '-dumpdir' 'cmTC_456b8.'



Parsed CXX implicit include dir info from above output: rv=done
  found start of include info
  found start of implicit include info
    add: [/home/naltamura/.espressif/tools/riscv32-esp-elf/esp-13.2.0_20230928/riscv32-esp-elf/bin/../lib/gcc/riscv32-esp-elf/13.2.0/../../../../riscv32-esp-elf/include/c++/13.2.0]
    add: [/home/naltamura/.espressif/tools/riscv32-esp-elf/esp-13.2.0_20230928/riscv32-esp-elf/bin/../lib/gcc/riscv32-esp-elf/13.2.0/../../../../riscv32-esp-elf/include/c++/13.2.0/riscv32-esp-elf/rv32imc_zicsr_zifencei/ilp32]
    add: [/home/naltamura/.espressif/tools/riscv32-esp-elf/esp-13.2.0_20230928/riscv32-esp-elf/bin/../lib/gcc/riscv32-esp-elf/13.2.0/../../../../riscv32-esp-elf/include/c++/13.2.0/backward]
    add: [/home/naltamura/.espressif/tools/riscv32-esp-elf/esp-13.2.0_20230928/riscv32-esp-elf/bin/../lib/gcc/riscv32-esp-elf/13.2.0/include]
    add: [/home/naltamura/.espressif/tools/riscv32-esp-elf/esp-13.2.0_20230928/riscv32-esp-elf/bin/../lib/gcc/riscv32-esp-elf/13.2.0/include-fixed]
    add: [/home/naltamura/.espressif/tools/riscv32-esp-elf/esp-13.2.0_20230928/riscv32-esp-elf/bin/../lib/gcc/riscv32-esp-elf/13.2.0/../../../../riscv32-esp-elf/sys-include]
    add: [/home/naltamura/.espressif/tools/riscv32-esp-elf/esp-13.2.0_20230928/riscv32-esp-elf/bin/../lib/gcc/riscv32-esp-elf/13.2.0/../../../../riscv32-esp-elf/include]
  end of search list found
  collapse include dir [/home/naltamura/.espressif/tools/riscv32-esp-elf/esp-13.2.0_20230928/riscv32-esp-elf/bin/../lib/gcc/riscv32-esp-elf/13.2.0/../../../../riscv32-esp-elf/include/c++/13.2.0] ==> [/home/naltamura/.espressif/tools/riscv32-esp-elf/esp-13.2.0_20230928/riscv32-esp-elf/riscv32-esp-elf/include/c++/13.2.0]
  collapse include dir [/home/naltamura/.espressif/tools/riscv32-esp-elf/esp-13.2.0_20230928/riscv32-esp-elf/bin/../lib/gcc/riscv32-esp-elf/13.2.0/../../../../riscv32-esp-elf/include/c++/13.2.0/riscv32-esp-elf/rv32imc_zicsr_zifencei/ilp32] ==> [/home/naltamura/.espressif/tools/riscv32-esp-elf/esp-13.2.0_20230928/riscv32-esp-elf/riscv32-esp-elf/include/c++/13.2.0/riscv32-esp-elf/rv32imc_zicsr_zifencei/ilp32]
  collapse include dir [/home/naltamura/.espressif/tools/riscv32-esp-elf/esp-13.2.0_20230928/riscv32-esp-elf/bin/../lib/gcc/riscv32-esp-elf/13.2.0/../../../../riscv32-esp-elf/include/c++/13.2.0/backward] ==> [/home/naltamura/.espressif/tools/riscv32-esp-elf/esp-13.2.0_20230928/riscv32-esp-elf/riscv32-esp-elf/include/c++/13.2.0/backward]
  collapse include dir [/home/naltamura/.espressif/tools/riscv32-esp-elf/esp-13.2.0_20230928/riscv32-esp-elf/bin/../lib/gcc/riscv32-esp-elf/13.2.0/include] ==> [/home/naltamura/.espressif/tools/riscv32-esp-elf/esp-13.2.0_20230928/riscv32-esp-elf/lib/gcc/riscv32-esp-elf/13.2.0/include]
  collapse include dir [/home/naltamura/.espressif/tools/riscv32-esp-elf/esp-13.2.0_20230928/riscv32-esp-elf/bin/../lib/gcc/riscv32-esp-elf/13.2.0/include-fixed] ==> [/home/naltamura/.espressif/tools/riscv32-esp-elf/esp-13.2.0_20230928/riscv32-esp-elf/lib/gcc/riscv32-esp-elf/13.2.0/include-fixed]
  collapse include dir [/home/naltamura/.espressif/tools/riscv32-esp-elf/esp-13.2.0_20230928/riscv32-esp-elf/bin/../lib/gcc/riscv32-esp-elf/13.2.0/../../../../riscv32-esp-elf/sys-include] ==> [/home/naltamura/.espressif/tools/riscv32-esp-elf/esp-13.2.0_20230928/riscv32-esp-elf/riscv32-esp-elf/sys-include]
  collapse include dir [/home/naltamura/.espressif/tools/riscv32-esp-elf/esp-13.2.0_20230928/riscv32-esp-elf/bin/../lib/gcc/riscv32-esp-elf/13.2.0/../../../../riscv32-esp-elf/include] ==> [/home/naltamura/.espressif/tools/riscv32-esp-elf/esp-13.2.0_20230928/riscv32-esp-elf/riscv32-esp-elf/include]
  implicit include dirs: [/home/naltamura/.espressif/tools/riscv32-esp-elf/esp-13.2.0_20230928/riscv32-esp-elf/riscv32-esp-elf/include/c++/13.2.0;/home/naltamura/.espressif/tools/riscv32-esp-elf/esp-13.2.0_20230928/riscv32-esp-elf/riscv32-esp-elf/include/c++/13.2.0/riscv32-esp-elf/rv32imc_zicsr_zifencei/ilp32;/home/naltamura/.espressif/tools/riscv32-esp-elf/esp-13.2.0_20230928/riscv32-esp-elf/riscv32-esp-elf/include/c++/13.2.0/backward;/home/naltamura/.espressif/tools/riscv32-esp-elf/esp-13.2.0_20230928/riscv32-esp-elf/lib/gcc/riscv32-esp-elf/13.2.0/include;/home/naltamura/.espressif/tools/riscv32-esp-elf/esp-13.2.0_20230928/riscv32-esp-elf/lib/gcc/riscv32-esp-elf/13.2.0/include-fixed;/home/naltamura/.espressif/tools/riscv32-esp-elf/esp-13.2.0_20230928/riscv32-esp-elf/riscv32-esp-elf/sys-include;/home/naltamura/.espressif/tools/riscv32-esp-elf/esp-13.2.0_20230928/riscv32-esp-elf/riscv32-esp-elf/include]


Parsed CXX implicit link information from above output:
  link line regex: [^( *|.*[/\])(riscv32-esp-elf-ld|CMAKE_LINK_STARTFILE-NOTFOUND|([^/\]+-)?ld|collect2)[^/\]*( |$)]
  ignore line: [Change Dir: /home/naltamura/Documents/PHD3Y/ZKP_Xlock/Xlock_2v/build/bootloader/CMakeFiles/CMakeTmp]
  ignore line: []
  ignore line: [Run Build Command(s):/usr/bin/ninja cmTC_456b8 && [1/2] Building CXX object CMakeFiles/cmTC_456b8.dir/CMakeCXXCompilerABI.cpp.obj]
  ignore line: [Using built-in specs.]
  ignore line: [COLLECT_GCC=/home/naltamura/.espressif/tools/riscv32-esp-elf/esp-13.2.0_20230928/riscv32-esp-elf/bin/riscv32-esp-elf-g++]
  ignore line: [Target: riscv32-esp-elf]
  ignore line: [Configured with: /builds/idf/crosstool-NG/.build/riscv32-esp-elf/src/gcc/configure --build=x86_64-build_pc-linux-gnu --host=x86_64-build_pc-linux-gnu --target=riscv32-esp-elf --prefix=/builds/idf/crosstool-NG/builds/riscv32-esp-elf --exec_prefix=/builds/idf/crosstool-NG/builds/riscv32-esp-elf --with-local-prefix=/builds/idf/crosstool-NG/builds/riscv32-esp-elf/riscv32-esp-elf --with-headers=/builds/idf/crosstool-NG/builds/riscv32-esp-elf/riscv32-esp-elf/include --with-newlib --enable-threads=no --disable-shared --with-arch=rv32gc --with-abi=ilp32 --with-pkgversion='crosstool-NG esp-13.2.0_20230928' --disable-__cxa_atexit --enable-cxx-flags=-ffunction-sections --disable-libgomp --disable-libmudflap --disable-libmpx --disable-libssp --disable-libquadmath --disable-libquadmath-support --disable-libstdcxx-verbose --with-gmp=/builds/idf/crosstool-NG/.build/riscv32-esp-elf/buildtools --with-mpfr=/builds/idf/crosstool-NG/.build/riscv32-esp-elf/buildtools --with-mpc=/builds/idf/crosstool-NG/.build/riscv32-esp-elf/buildtools --with-isl=/builds/idf/crosstool-NG/.build/riscv32-esp-elf/buildtools --enable-lto --enable-target-optspace --without-long-double-128 --disable-nls --enable-multiarch --enable-languages=c c++ --disable-libstdcxx-verbose --enable-threads=posix --enable-gcov-custom-rtio --enable-libstdcxx-time=yes]
  ignore line: [Thread model: posix]
  ignore line: [Supported LTO compression algorithms: zlib]
  ignore line: [gcc version 13.2.0 (crosstool-NG esp-13.2.0_20230928) ]
  ignore line: [COLLECT_GCC_OPTIONS='-march=rv32imc_zicsr_zifencei' '-v' '-o' 'CMakeFiles/cmTC_456b8.dir/CMakeCXXCompilerABI.cpp.obj' '-c' '-mabi=ilp32' '-misa-spec=20191213' '-march=rv32imc_zicsr_zifencei' '-dumpdir' 'CMakeFiles/cmTC_456b8.dir/']
  ignore line: [ /home/naltamura/.espressif/tools/riscv32-esp-elf/esp-13.2.0_20230928/riscv32-esp-elf/bin/../libexec/gcc/riscv32-esp-elf/13.2.0/cc1plus -quiet -v -imultilib rv32imc_zicsr_zifencei/ilp32 -iprefix /home/naltamura/.espressif/tools/riscv32-esp-elf/esp-13.2.0_20230928/riscv32-esp-elf/bin/../lib/gcc/riscv32-esp-elf/13.2.0/ /home/naltamura/.espressif/tools/cmake/3.24.0/share/cmake-3.24/Modules/CMakeCXXCompilerABI.cpp -quiet -dumpdir CMakeFiles/cmTC_456b8.dir/ -dumpbase CMakeCXXCompilerABI.cpp.cpp -dumpbase-ext .cpp -march=rv32imc_zicsr_zifencei -mabi=ilp32 -misa-spec=20191213 -march=rv32imc_zicsr_zifencei -version -o /tmp/ccqo2Fjo.s]
  ignore line: [GNU C++17 (crosstool-NG esp-13.2.0_20230928) version 13.2.0 (riscv32-esp-elf)]
  ignore line: [	compiled by GNU C version 4.9.2  GMP version 6.2.1  MPFR version 4.1.0  MPC version 1.2.1  isl version isl-0.24-GMP]
  ignore line: []
  ignore line: [GGC heuristics: --param ggc-min-expand=100 --param ggc-min-heapsize=131072]
  ignore line: [ignoring duplicate directory "/home/naltamura/.espressif/tools/riscv32-esp-elf/esp-13.2.0_20230928/riscv32-esp-elf/bin/../lib/gcc/../../lib/gcc/riscv32-esp-elf/13.2.0/../../../../riscv32-esp-elf/include/c++/13.2.0"]
  ignore line: [ignoring duplicate directory "/home/naltamura/.espressif/tools/riscv32-esp-elf/esp-13.2.0_20230928/riscv32-esp-elf/bin/../lib/gcc/../../lib/gcc/riscv32-esp-elf/13.2.0/../../../../riscv32-esp-elf/include/c++/13.2.0/riscv32-esp-elf/rv32imc_zicsr_zifencei/ilp32"]
  ignore line: [ignoring duplicate directory "/home/naltamura/.espressif/tools/riscv32-esp-elf/esp-13.2.0_20230928/riscv32-esp-elf/bin/../lib/gcc/../../lib/gcc/riscv32-esp-elf/13.2.0/../../../../riscv32-esp-elf/include/c++/13.2.0/backward"]
  ignore line: [ignoring duplicate directory "/home/naltamura/.espressif/tools/riscv32-esp-elf/esp-13.2.0_20230928/riscv32-esp-elf/bin/../lib/gcc/../../lib/gcc/riscv32-esp-elf/13.2.0/include"]
  ignore line: [ignoring duplicate directory "/home/naltamura/.espressif/tools/riscv32-esp-elf/esp-13.2.0_20230928/riscv32-esp-elf/bin/../lib/gcc/../../lib/gcc/riscv32-esp-elf/13.2.0/include-fixed"]
  ignore line: [ignoring duplicate directory "/home/naltamura/.espressif/tools/riscv32-esp-elf/esp-13.2.0_20230928/riscv32-esp-elf/bin/../lib/gcc/../../lib/gcc/riscv32-esp-elf/13.2.0/../../../../riscv32-esp-elf/sys-include"]
  ignore line: [ignoring duplicate directory "/home/naltamura/.espressif/tools/riscv32-esp-elf/esp-13.2.0_20230928/riscv32-esp-elf/bin/../lib/gcc/../../lib/gcc/riscv32-esp-elf/13.2.0/../../../../riscv32-esp-elf/include"]
  ignore line: [#include "..." search starts here:]
  ignore line: [#include <...> search starts here:]
  ignore line: [ /home/naltamura/.espressif/tools/riscv32-esp-elf/esp-13.2.0_20230928/riscv32-esp-elf/bin/../lib/gcc/riscv32-esp-elf/13.2.0/../../../../riscv32-esp-elf/include/c++/13.2.0]
  ignore line: [ /home/naltamura/.espressif/tools/riscv32-esp-elf/esp-13.2.0_20230928/riscv32-esp-elf/bin/../lib/gcc/riscv32-esp-elf/13.2.0/../../../../riscv32-esp-elf/include/c++/13.2.0/riscv32-esp-elf/rv32imc_zicsr_zifencei/ilp32]
  ignore line: [ /home/naltamura/.espressif/tools/riscv32-esp-elf/esp-13.2.0_20230928/riscv32-esp-elf/bin/../lib/gcc/riscv32-esp-elf/13.2.0/../../../../riscv32-esp-elf/include/c++/13.2.0/backward]
  ignore line: [ /home/naltamura/.espressif/tools/riscv32-esp-elf/esp-13.2.0_20230928/riscv32-esp-elf/bin/../lib/gcc/riscv32-esp-elf/13.2.0/include]
  ignore line: [ /home/naltamura/.espressif/tools/riscv32-esp-elf/esp-13.2.0_20230928/riscv32-esp-elf/bin/../lib/gcc/riscv32-esp-elf/13.2.0/include-fixed]
  ignore line: [ /home/naltamura/.espressif/tools/riscv32-esp-elf/esp-13.2.0_20230928/riscv32-esp-elf/bin/../lib/gcc/riscv32-esp-elf/13.2.0/../../../../riscv32-esp-elf/sys-include]
  ignore line: [ /home/naltamura/.espressif/tools/riscv32-esp-elf/esp-13.2.0_20230928/riscv32-esp-elf/bin/../lib/gcc/riscv32-esp-elf/13.2.0/../../../../riscv32-esp-elf/include]
  ignore line: [End of search list.]
  ignore line: [Compiler executable checksum: 2f922d80f93cca9f059a3573788cba06]
  ignore line: [COLLECT_GCC_OPTIONS='-march=rv32imc_zicsr_zifencei' '-v' '-o' 'CMakeFiles/cmTC_456b8.dir/CMakeCXXCompilerABI.cpp.obj' '-c' '-mabi=ilp32' '-misa-spec=20191213' '-march=rv32imc_zicsr_zifencei' '-dumpdir' 'CMakeFiles/cmTC_456b8.dir/']
  ignore line: [ /home/naltamura/.espressif/tools/riscv32-esp-elf/esp-13.2.0_20230928/riscv32-esp-elf/bin/../lib/gcc/riscv32-esp-elf/13.2.0/../../../../riscv32-esp-elf/bin/as -v --traditional-format -march=rv32imc_zicsr_zifencei -march=rv32imc_zicsr_zifencei -mabi=ilp32 -misa-spec=20191213 -o CMakeFiles/cmTC_456b8.dir/CMakeCXXCompilerABI.cpp.obj /tmp/ccqo2Fjo.s]
  ignore line: [GNU assembler version 2.41 (riscv32-esp-elf) using BFD version (crosstool-NG esp-13.2.0_20230928) 2.41]
  ignore line: [COMPILER_PATH=/home/naltamura/.espressif/tools/riscv32-esp-elf/esp-13.2.0_20230928/riscv32-esp-elf/bin/../libexec/gcc/riscv32-esp-elf/13.2.0/:/home/naltamura/.espressif/tools/riscv32-esp-elf/esp-13.2.0_20230928/riscv32-esp-elf/bin/../libexec/gcc/:/home/naltamura/.espressif/tools/riscv32-esp-elf/esp-13.2.0_20230928/riscv32-esp-elf/bin/../lib/gcc/riscv32-esp-elf/13.2.0/../../../../riscv32-esp-elf/bin/]
  ignore line: [LIBRARY_PATH=/home/naltamura/.espressif/tools/riscv32-esp-elf/esp-13.2.0_20230928/riscv32-esp-elf/bin/../lib/gcc/riscv32-esp-elf/13.2.0/rv32imc_zicsr_zifencei/ilp32/:/home/naltamura/.espressif/tools/riscv32-esp-elf/esp-13.2.0_20230928/riscv32-esp-elf/bin/../lib/gcc/riscv32-esp-elf/13.2.0/../../../../riscv32-esp-elf/lib/rv32imc_zicsr_zifencei/ilp32/:/home/naltamura/.espressif/tools/riscv32-esp-elf/esp-13.2.0_20230928/riscv32-esp-elf/bin/../lib/gcc/riscv32-esp-elf/13.2.0/:/home/naltamura/.espressif/tools/riscv32-esp-elf/esp-13.2.0_20230928/riscv32-esp-elf/bin/../lib/gcc/:/home/naltamura/.espressif/tools/riscv32-esp-elf/esp-13.2.0_20230928/riscv32-esp-elf/bin/../lib/gcc/riscv32-esp-elf/13.2.0/../../../../riscv32-esp-elf/lib/]
  ignore line: [COLLECT_GCC_OPTIONS='-march=rv32imc_zicsr_zifencei' '-v' '-o' 'CMakeFiles/cmTC_456b8.dir/CMakeCXXCompilerABI.cpp.obj' '-c' '-mabi=ilp32' '-misa-spec=20191213' '-march=rv32imc_zicsr_zifencei' '-dumpdir' 'CMakeFiles/cmTC_456b8.dir/CMakeCXXCompilerABI.cpp.']
  ignore line: [[2/2] Linking CXX executable cmTC_456b8]
  ignore line: [Using built-in specs.]
  ignore line: [Reading specs from /home/naltamura/.espressif/tools/riscv32-esp-elf/esp-13.2.0_20230928/riscv32-esp-elf/bin/../lib/gcc/riscv32-esp-elf/13.2.0/../../../../riscv32-esp-elf/lib/nosys.specs]
  ignore line: [rename spec link_gcc_c_sequence to nosys_link_gcc_c_sequence]
  ignore line: [COLLECT_GCC=/home/naltamura/.espressif/tools/riscv32-esp-elf/esp-13.2.0_20230928/riscv32-esp-elf/bin/riscv32-esp-elf-g++]
  ignore line: [COLLECT_LTO_WRAPPER=/home/naltamura/.espressif/tools/riscv32-esp-elf/esp-13.2.0_20230928/riscv32-esp-elf/bin/../libexec/gcc/riscv32-esp-elf/13.2.0/lto-wrapper]
  ignore line: [Target: riscv32-esp-elf]
  ignore line: [Configured with: /builds/idf/crosstool-NG/.build/riscv32-esp-elf/src/gcc/configure --build=x86_64-build_pc-linux-gnu --host=x86_64-build_pc-linux-gnu --target=riscv32-esp-elf --prefix=/builds/idf/crosstool-NG/builds/riscv32-esp-elf --exec_prefix=/builds/idf/crosstool-NG/builds/riscv32-esp-elf --with-local-prefix=/builds/idf/crosstool-NG/builds/riscv32-esp-elf/riscv32-esp-elf --with-headers=/builds/idf/crosstool-NG/builds/riscv32-esp-elf/riscv32-esp-elf/include --with-newlib --enable-threads=no --disable-shared --with-arch=rv32gc --with-abi=ilp32 --with-pkgversion='crosstool-NG esp-13.2.0_20230928' --disable-__cxa_atexit --enable-cxx-flags=-ffunction-sections --disable-libgomp --disable-libmudflap --disable-libmpx --disable-libssp --disable-libquadmath --disable-libquadmath-support --disable-libstdcxx-verbose --with-gmp=/builds/idf/crosstool-NG/.build/riscv32-esp-elf/buildtools --with-mpfr=/builds/idf/crosstool-NG/.build/riscv32-esp-elf/buildtools --with-mpc=/builds/idf/crosstool-NG/.build/riscv32-esp-elf/buildtools --with-isl=/builds/idf/crosstool-NG/.build/riscv32-esp-elf/buildtools --enable-lto --enable-target-optspace --without-long-double-128 --disable-nls --enable-multiarch --enable-languages=c c++ --disable-libstdcxx-verbose --enable-threads=posix --enable-gcov-custom-rtio --enable-libstdcxx-time=yes]
  ignore line: [Thread model: posix]
  ignore line: [Supported LTO compression algorithms: zlib]
  ignore line: [gcc version 13.2.0 (crosstool-NG esp-13.2.0_20230928) ]
  ignore line: [COMPILER_PATH=/home/naltamura/.espressif/tools/riscv32-esp-elf/esp-13.2.0_20230928/riscv32-esp-elf/bin/../libexec/gcc/riscv32-esp-elf/13.2.0/:/home/naltamura/.espressif/tools/riscv32-esp-elf/esp-13.2.0_20230928/riscv32-esp-elf/bin/../libexec/gcc/:/home/naltamura/.espressif/tools/riscv32-esp-elf/esp-13.2.0_20230928/riscv32-esp-elf/bin/../lib/gcc/riscv32-esp-elf/13.2.0/../../../../riscv32-esp-elf/bin/]
  ignore line: [LIBRARY_PATH=/home/naltamura/.espressif/tools/riscv32-esp-elf/esp-13.2.0_20230928/riscv32-esp-elf/bin/../lib/gcc/riscv32-esp-elf/13.2.0/rv32imc_zicsr_zifencei/ilp32/:/home/naltamura/.espressif/tools/riscv32-esp-elf/esp-13.2.0_20230928/riscv32-esp-elf/bin/../lib/gcc/riscv32-esp-elf/13.2.0/../../../../riscv32-esp-elf/lib/rv32imc_zicsr_zifencei/ilp32/:/home/naltamura/.espressif/tools/riscv32-esp-elf/esp-13.2.0_20230928/riscv32-esp-elf/bin/../lib/gcc/riscv32-esp-elf/13.2.0/:/home/naltamura/.espressif/tools/riscv32-esp-elf/esp-13.2.0_20230928/riscv32-esp-elf/bin/../lib/gcc/:/home/naltamura/.espressif/tools/riscv32-esp-elf/esp-13.2.0_20230928/riscv32-esp-elf/bin/../lib/gcc/riscv32-esp-elf/13.2.0/../../../../riscv32-esp-elf/lib/]
  ignore line: [COLLECT_GCC_OPTIONS='-nostartfiles' '-march=rv32imc_zicsr_zifencei' '-specs=nosys.specs' '-v' '-o' 'cmTC_456b8' '-mabi=ilp32' '-misa-spec=20191213' '-march=rv32imc_zicsr_zifencei' '-dumpdir' 'cmTC_456b8.']
  link line: [ /home/naltamura/.espressif/tools/riscv32-esp-elf/esp-13.2.0_20230928/riscv32-esp-elf/bin/../libexec/gcc/riscv32-esp-elf/13.2.0/collect2 -plugin /home/naltamura/.espressif/tools/riscv32-esp-elf/esp-13.2.0_20230928/riscv32-esp-elf/bin/../libexec/gcc/riscv32-esp-elf/13.2.0/liblto_plugin.so -plugin-opt=/home/naltamura/.espressif/tools/riscv32-esp-elf/esp-13.2.0_20230928/riscv32-esp-elf/bin/../libexec/gcc/riscv32-esp-elf/13.2.0/lto-wrapper -plugin-opt=-fresolution=/tmp/cchNY2ca.res -plugin-opt=-pass-through=-lgcc -plugin-opt=-pass-through=-lc -plugin-opt=-pass-through=-lnosys -plugin-opt=-pass-through=-lc -plugin-opt=-pass-through=-lgcc -plugin-opt=-pass-through=-lgcc -plugin-opt=-pass-through=-lc -plugin-opt=-pass-through=-lnosys -melf32lriscv -o cmTC_456b8 -L/home/naltamura/.espressif/tools/riscv32-esp-elf/esp-13.2.0_20230928/riscv32-esp-elf/bin/../lib/gcc/riscv32-esp-elf/13.2.0/rv32imc_zicsr_zifencei/ilp32 -L/home/naltamura/.espressif/tools/riscv32-esp-elf/esp-13.2.0_20230928/riscv32-esp-elf/bin/../lib/gcc/riscv32-esp-elf/13.2.0/../../../../riscv32-esp-elf/lib/rv32imc_zicsr_zifencei/ilp32 -L/home/naltamura/.espressif/tools/riscv32-esp-elf/esp-13.2.0_20230928/riscv32-esp-elf/bin/../lib/gcc/riscv32-esp-elf/13.2.0 -L/home/naltamura/.espressif/tools/riscv32-esp-elf/esp-13.2.0_20230928/riscv32-esp-elf/bin/../lib/gcc -L/home/naltamura/.espressif/tools/riscv32-esp-elf/esp-13.2.0_20230928/riscv32-esp-elf/bin/../lib/gcc/riscv32-esp-elf/13.2.0/../../../../riscv32-esp-elf/lib CMakeFiles/cmTC_456b8.dir/CMakeCXXCompilerABI.cpp.obj -lstdc++ -lm -lgcc -lc -lnosys -lc -lgcc --start-group -lgcc -lc -lnosys --end-group]
    arg [/home/naltamura/.espressif/tools/riscv32-esp-elf/esp-13.2.0_20230928/riscv32-esp-elf/bin/../libexec/gcc/riscv32-esp-elf/13.2.0/collect2] ==> ignore
    arg [-plugin] ==> ignore
    arg [/home/naltamura/.espressif/tools/riscv32-esp-elf/esp-13.2.0_20230928/riscv32-esp-elf/bin/../libexec/gcc/riscv32-esp-elf/13.2.0/liblto_plugin.so] ==> ignore
    arg [-plugin-opt=/home/naltamura/.espressif/tools/riscv32-esp-elf/esp-13.2.0_20230928/riscv32-esp-elf/bin/../libexec/gcc/riscv32-esp-elf/13.2.0/lto-wrapper] ==> ignore
    arg [-plugin-opt=-fresolution=/tmp/cchNY2ca.res] ==> ignore
    arg [-plugin-opt=-pass-through=-lgcc] ==> ignore
    arg [-plugin-opt=-pass-through=-lc] ==> ignore
    arg [-plugin-opt=-pass-through=-lnosys] ==> ignore
    arg [-plugin-opt=-pass-through=-lc] ==> ignore
    arg [-plugin-opt=-pass-through=-lgcc] ==> ignore
    arg [-plugin-opt=-pass-through=-lgcc] ==> ignore
    arg [-plugin-opt=-pass-through=-lc] ==> ignore
    arg [-plugin-opt=-pass-through=-lnosys] ==> ignore
    arg [-melf32lriscv] ==> ignore
    arg [-o] ==> ignore
    arg [cmTC_456b8] ==> ignore
    arg [-L/home/naltamura/.espressif/tools/riscv32-esp-elf/esp-13.2.0_20230928/riscv32-esp-elf/bin/../lib/gcc/riscv32-esp-elf/13.2.0/rv32imc_zicsr_zifencei/ilp32] ==> dir [/home/naltamura/.espressif/tools/riscv32-esp-elf/esp-13.2.0_20230928/riscv32-esp-elf/bin/../lib/gcc/riscv32-esp-elf/13.2.0/rv32imc_zicsr_zifencei/ilp32]
    arg [-L/home/naltamura/.espressif/tools/riscv32-esp-elf/esp-13.2.0_20230928/riscv32-esp-elf/bin/../lib/gcc/riscv32-esp-elf/13.2.0/../../../../riscv32-esp-elf/lib/rv32imc_zicsr_zifencei/ilp32] ==> dir [/home/naltamura/.espressif/tools/riscv32-esp-elf/esp-13.2.0_20230928/riscv32-esp-elf/bin/../lib/gcc/riscv32-esp-elf/13.2.0/../../../../riscv32-esp-elf/lib/rv32imc_zicsr_zifencei/ilp32]
    arg [-L/home/naltamura/.espressif/tools/riscv32-esp-elf/esp-13.2.0_20230928/riscv32-esp-elf/bin/../lib/gcc/riscv32-esp-elf/13.2.0] ==> dir [/home/naltamura/.espressif/tools/riscv32-esp-elf/esp-13.2.0_20230928/riscv32-esp-elf/bin/../lib/gcc/riscv32-esp-elf/13.2.0]
    arg [-L/home/naltamura/.espressif/tools/riscv32-esp-elf/esp-13.2.0_20230928/riscv32-esp-elf/bin/../lib/gcc] ==> dir [/home/naltamura/.espressif/tools/riscv32-esp-elf/esp-13.2.0_20230928/riscv32-esp-elf/bin/../lib/gcc]
    arg [-L/home/naltamura/.espressif/tools/riscv32-esp-elf/esp-13.2.0_20230928/riscv32-esp-elf/bin/../lib/gcc/riscv32-esp-elf/13.2.0/../../../../riscv32-esp-elf/lib] ==> dir [/home/naltamura/.espressif/tools/riscv32-esp-elf/esp-13.2.0_20230928/riscv32-esp-elf/bin/../lib/gcc/riscv32-esp-elf/13.2.0/../../../../riscv32-esp-elf/lib]
    arg [CMakeFiles/cmTC_456b8.dir/CMakeCXXCompilerABI.cpp.obj] ==> ignore
    arg [-lstdc++] ==> lib [stdc++]
    arg [-lm] ==> lib [m]
    arg [-lgcc] ==> lib [gcc]
    arg [-lc] ==> lib [c]
    arg [-lnosys] ==> lib [nosys]
    arg [-lc] ==> lib [c]
    arg [-lgcc] ==> lib [gcc]
    arg [--start-group] ==> ignore
    arg [-lgcc] ==> lib [gcc]
    arg [-lc] ==> lib [c]
    arg [-lnosys] ==> lib [nosys]
    arg [--end-group] ==> ignore
  collapse library dir [/home/naltamura/.espressif/tools/riscv32-esp-elf/esp-13.2.0_20230928/riscv32-esp-elf/bin/../lib/gcc/riscv32-esp-elf/13.2.0/rv32imc_zicsr_zifencei/ilp32] ==> [/home/naltamura/.espressif/tools/riscv32-esp-elf/esp-13.2.0_20230928/riscv32-esp-elf/lib/gcc/riscv32-esp-elf/13.2.0/rv32imc_zicsr_zifencei/ilp32]
  collapse library dir [/home/naltamura/.espressif/tools/riscv32-esp-elf/esp-13.2.0_20230928/riscv32-esp-elf/bin/../lib/gcc/riscv32-esp-elf/13.2.0/../../../../riscv32-esp-elf/lib/rv32imc_zicsr_zifencei/ilp32] ==> [/home/naltamura/.espressif/tools/riscv32-esp-elf/esp-13.2.0_20230928/riscv32-esp-elf/riscv32-esp-elf/lib/rv32imc_zicsr_zifencei/ilp32]
  collapse library dir [/home/naltamura/.espressif/tools/riscv32-esp-elf/esp-13.2.0_20230928/riscv32-esp-elf/bin/../lib/gcc/riscv32-esp-elf/13.2.0] ==> [/home/naltamura/.espressif/tools/riscv32-esp-elf/esp-13.2.0_20230928/riscv32-esp-elf/lib/gcc/riscv32-esp-elf/13.2.0]
  collapse library dir [/home/naltamura/.espressif/tools/riscv32-esp-elf/esp-13.2.0_20230928/riscv32-esp-elf/bin/../lib/gcc] ==> [/home/naltamura/.espressif/tools/riscv32-esp-elf/esp-13.2.0_20230928/riscv32-esp-elf/lib/gcc]
  collapse library dir [/home/naltamura/.espressif/tools/riscv32-esp-elf/esp-13.2.0_20230928/riscv32-esp-elf/bin/../lib/gcc/riscv32-esp-elf/13.2.0/../../../../riscv32-esp-elf/lib] ==> [/home/naltamura/.espressif/tools/riscv32-esp-elf/esp-13.2.0_20230928/riscv32-esp-elf/riscv32-esp-elf/lib]
  implicit libs: [stdc++;m;gcc;c;nosys;c;gcc;gcc;c;nosys]
  implicit objs: []
  implicit dirs: [/home/naltamura/.espressif/tools/riscv32-esp-elf/esp-13.2.0_20230928/riscv32-esp-elf/lib/gcc/riscv32-esp-elf/13.2.0/rv32imc_zicsr_zifencei/ilp32;/home/naltamura/.espressif/tools/riscv32-esp-elf/esp-13.2.0_20230928/riscv32-esp-elf/riscv32-esp-elf/lib/rv32imc_zicsr_zifencei/ilp32;/home/naltamura/.espressif/tools/riscv32-esp-elf/esp-13.2.0_20230928/riscv32-esp-elf/lib/gcc/riscv32-esp-elf/13.2.0;/home/naltamura/.espressif/tools/riscv32-esp-elf/esp-13.2.0_20230928/riscv32-esp-elf/lib/gcc;/home/naltamura/.espressif/tools/riscv32-esp-elf/esp-13.2.0_20230928/riscv32-esp-elf/riscv32-esp-elf/lib]
  implicit fwks: []


Determining if the include file sys/types.h exists passed with the following output:
Change Dir: /home/naltamura/Documents/PHD3Y/ZKP_Xlock/Xlock_2v/build/bootloader/CMakeFiles/CMakeTmp

Run Build Command(s):/usr/bin/ninja cmTC_20a07 && [1/2] Building C object CMakeFiles/cmTC_20a07.dir/CheckIncludeFile.c.obj
[2/2] Linking C executable cmTC_20a07
/home/naltamura/.espressif/tools/riscv32-esp-elf/esp-13.2.0_20230928/riscv32-esp-elf/bin/../lib/gcc/riscv32-esp-elf/13.2.0/../../../../riscv32-esp-elf/bin/ld: warning: cannot find entry symbol _start; defaulting to 00010074



Determining if the include file stdint.h exists passed with the following output:
Change Dir: /home/naltamura/Documents/PHD3Y/ZKP_Xlock/Xlock_2v/build/bootloader/CMakeFiles/CMakeTmp

Run Build Command(s):/usr/bin/ninja cmTC_b6b86 && [1/2] Building C object CMakeFiles/cmTC_b6b86.dir/CheckIncludeFile.c.obj
[2/2] Linking C executable cmTC_b6b86
/home/naltamura/.espressif/tools/riscv32-esp-elf/esp-13.2.0_20230928/riscv32-esp-elf/bin/../lib/gcc/riscv32-esp-elf/13.2.0/../../../../riscv32-esp-elf/bin/ld: warning: cannot find entry symbol _start; defaulting to 00010074



Determining if the include file stddef.h exists passed with the following output:
Change Dir: /home/naltamura/Documents/PHD3Y/ZKP_Xlock/Xlock_2v/build/bootloader/CMakeFiles/CMakeTmp

Run Build Command(s):/usr/bin/ninja cmTC_782a1 && [1/2] Building C object CMakeFiles/cmTC_782a1.dir/CheckIncludeFile.c.obj
[2/2] Linking C executable cmTC_782a1
/home/naltamura/.espressif/tools/riscv32-esp-elf/esp-13.2.0_20230928/riscv32-esp-elf/bin/../lib/gcc/riscv32-esp-elf/13.2.0/../../../../riscv32-esp-elf/bin/ld: warning: cannot find entry symbol _start; defaulting to 00010074



Determining size of time_t passed with the following output:
Change Dir: /home/naltamura/Documents/PHD3Y/ZKP_Xlock/Xlock_2v/build/bootloader/CMakeFiles/CMakeTmp

Run Build Command(s):/usr/bin/ninja cmTC_8ef8d && [1/2] Building C object CMakeFiles/cmTC_8ef8d.dir/TIME_T_SIZE.c.obj
[2/2] Linking C executable cmTC_8ef8d
/home/naltamura/.espressif/tools/riscv32-esp-elf/esp-13.2.0_20230928/riscv32-esp-elf/bin/../lib/gcc/riscv32-esp-elf/13.2.0/../../../../riscv32-esp-elf/bin/ld: warning: cannot find entry symbol _start; defaulting to 00010094



